Fitter report for Verilog_Final
Mon Nov 30 18:21:31 2020
Quartus II Version 9.0 Build 132 02/25/2009 SJ Web Edition


---------------------
; Table of Contents ;
---------------------
  1. Legal Notice
  2. Fitter Summary
  3. Fitter Settings
  4. Parallel Compilation
  5. Incremental Compilation Preservation Summary
  6. Incremental Compilation Partition Settings
  7. Incremental Compilation Placement Preservation
  8. Fitter Resource Usage Summary
  9. Input Pins
 10. Output Pins
 11. I/O Bank Usage
 12. All Package Pins
 13. Output Pin Default Load For Reported TCO
 14. Fitter Resource Utilization by Entity
 15. Delay Chain Summary
 16. Pad To Core Delay Chain Fanout
 17. Control Signals
 18. Global & Other Fast Signals
 19. Non-Global High Fan-Out Signals
 20. Fitter Device Options
 21. Advanced Data - General
 22. Advanced Data - Placement Preparation
 23. Fitter Messages



----------------
; Legal Notice ;
----------------
Copyright (C) 1991-2009 Altera Corporation
Your use of Altera Corporation's design tools, logic functions 
and other software and tools, and its AMPP partner logic 
functions, and any output files from any of the foregoing 
(including device programming or simulation files), and any 
associated documentation or information are expressly subject 
to the terms and conditions of the Altera Program License 
Subscription Agreement, Altera MegaCore Function License 
Agreement, or other applicable license agreement, including, 
without limitation, that your use is for the sole purpose of 
programming logic devices manufactured by Altera and sold by 
Altera or its authorized distributors.  Please refer to the 
applicable agreement for further details.



+-----------------------------------------------------------------+
; Fitter Summary                                                  ;
+-----------------------+-----------------------------------------+
; Fitter Status         ; Failed - Mon Nov 30 18:21:31 2020       ;
; Quartus II Version    ; 9.0 Build 132 02/25/2009 SJ Web Edition ;
; Revision Name         ; Verilog_Final                           ;
; Top-level Entity Name ; Verilog_Final                           ;
; Family                ; Cyclone                                 ;
; Device                ; EP1C6Q240C8                             ;
; Timing Models         ; Final                                   ;
; Total logic elements  ; 8,829 / 5,980 ( 148 % )                 ;
; Total pins            ; 67 / 185 ( 36 % )                       ;
; Total virtual pins    ; 0                                       ;
; Total memory bits     ; 0 / 92,160 ( 0 % )                      ;
; Total PLLs            ; 0 / 2 ( 0 % )                           ;
+-----------------------+-----------------------------------------+


+--------------------------------------------------------------------------------------------------------------------------------------+
; Fitter Settings                                                                                                                      ;
+--------------------------------------------------------------------+--------------------------------+--------------------------------+
; Option                                                             ; Setting                        ; Default Value                  ;
+--------------------------------------------------------------------+--------------------------------+--------------------------------+
; Device                                                             ; EP1C6Q240C8                    ;                                ;
; Fit Attempts to Skip                                               ; 0                              ; 0.0                            ;
; Device I/O Standard                                                ; 3.3-V LVCMOS                   ;                                ;
; Use smart compilation                                              ; Off                            ; Off                            ;
; Use TimeQuest Timing Analyzer                                      ; Off                            ; Off                            ;
; Router Timing Optimization Level                                   ; Normal                         ; Normal                         ;
; Placement Effort Multiplier                                        ; 1.0                            ; 1.0                            ;
; Router Effort Multiplier                                           ; 1.0                            ; 1.0                            ;
; Optimize Hold Timing                                               ; IO Paths and Minimum TPD Paths ; IO Paths and Minimum TPD Paths ;
; Optimize Multi-Corner Timing                                       ; Off                            ; Off                            ;
; Optimize Timing                                                    ; Normal compilation             ; Normal compilation             ;
; Optimize Timing for ECOs                                           ; Off                            ; Off                            ;
; Regenerate full fit report during ECO compiles                     ; Off                            ; Off                            ;
; Optimize IOC Register Placement for Timing                         ; On                             ; On                             ;
; Limit to One Fitting Attempt                                       ; Off                            ; Off                            ;
; Final Placement Optimizations                                      ; Automatically                  ; Automatically                  ;
; Fitter Aggressive Routability Optimizations                        ; Automatically                  ; Automatically                  ;
; Fitter Initial Placement Seed                                      ; 1                              ; 1                              ;
; Slow Slew Rate                                                     ; Off                            ; Off                            ;
; PCI I/O                                                            ; Off                            ; Off                            ;
; Weak Pull-Up Resistor                                              ; Off                            ; Off                            ;
; Enable Bus-Hold Circuitry                                          ; Off                            ; Off                            ;
; Auto Global Memory Control Signals                                 ; Off                            ; Off                            ;
; Auto Packed Registers                                              ; Auto                           ; Auto                           ;
; Auto Delay Chains                                                  ; On                             ; On                             ;
; Auto Merge PLLs                                                    ; On                             ; On                             ;
; Perform Physical Synthesis for Combinational Logic for Performance ; Off                            ; Off                            ;
; Perform Register Duplication for Performance                       ; Off                            ; Off                            ;
; Perform Register Retiming for Performance                          ; Off                            ; Off                            ;
; Perform Asynchronous Signal Pipelining                             ; Off                            ; Off                            ;
; Fitter Effort                                                      ; Auto Fit                       ; Auto Fit                       ;
; Physical Synthesis Effort Level                                    ; Normal                         ; Normal                         ;
; Logic Cell Insertion - Logic Duplication                           ; Auto                           ; Auto                           ;
; Auto Register Duplication                                          ; Auto                           ; Auto                           ;
; Auto Global Clock                                                  ; On                             ; On                             ;
; Auto Global Register Control Signals                               ; On                             ; On                             ;
; Stop After Congestion Map Generation                               ; Off                            ; Off                            ;
; Save Intermediate Fitting Results                                  ; Off                            ; Off                            ;
; Force Fitter to Avoid Periphery Placement Warnings                 ; Off                            ; Off                            ;
+--------------------------------------------------------------------+--------------------------------+--------------------------------+


Parallel compilation was disabled, but you have multiple processors available. Enable parallel compilation to reduce compilation time.
+-------------------------------------+
; Parallel Compilation                ;
+----------------------------+--------+
; Processors                 ; Number ;
+----------------------------+--------+
; Number detected on machine ; 6      ;
; Maximum allowed            ; 1      ;
+----------------------------+--------+


+-----------------------------------------------+
; Incremental Compilation Preservation Summary  ;
+-------------------------+---------------------+
; Type                    ; Value               ;
+-------------------------+---------------------+
; Placement               ;                     ;
;     -- Requested        ; 0 / 8917 ( 0.00 % ) ;
;     -- Achieved         ; 0 / 8917 ( 0.00 % ) ;
;                         ;                     ;
; Routing (by Connection) ;                     ;
;     -- Requested        ; 0 / 0 ( 0.00 % )    ;
;     -- Achieved         ; 0 / 0 ( 0.00 % )    ;
+-------------------------+---------------------+


+--------------------------------------------------------------------------------------------------------------------------------------------------+
; Incremental Compilation Partition Settings                                                                                                       ;
+----------------+----------------+-------------------+-------------------------+------------------------+------------------------------+----------+
; Partition Name ; Partition Type ; Netlist Type Used ; Preservation Level Used ; Netlist Type Requested ; Preservation Level Requested ; Contents ;
+----------------+----------------+-------------------+-------------------------+------------------------+------------------------------+----------+
; Top            ; User-created   ; Source File       ; N/A                     ; Source File            ; N/A                          ;          ;
+----------------+----------------+-------------------+-------------------------+------------------------+------------------------------+----------+


+--------------------------------------------------------------------------------------------+
; Incremental Compilation Placement Preservation                                             ;
+----------------+---------+-------------------+-------------------------+-------------------+
; Partition Name ; # Nodes ; # Preserved Nodes ; Preservation Level Used ; Netlist Type Used ;
+----------------+---------+-------------------+-------------------------+-------------------+
; Top            ; 8917    ; 0                 ; N/A                     ; Source File       ;
+----------------+---------+-------------------+-------------------------+-------------------+


+--------------------------------------------------------+
; Fitter Resource Usage Summary                          ;
+-----------------------------------+--------------------+
; Resource                          ; Usage              ;
+-----------------------------------+--------------------+
; Total logic elements              ; Not available      ;
;                                   ;                    ;
; Total LABs                        ; Not available      ;
; Logic elements in carry chains    ; 113                ;
; User inserted logic elements      ; 0                  ;
; Virtual pins                      ; 0                  ;
; I/O pins                          ; 67 / 185 ( 36 % )  ;
;     -- Clock pins                 ; 0 / 2 ( 0 % )      ;
; Global signals                    ; 2                  ;
; M4Ks                              ; 0 / 20 ( 0 % )     ;
; Total memory bits                 ; 0 / 92,160 ( 0 % ) ;
; Total RAM block bits              ; 0 / 92,160 ( 0 % ) ;
; PLLs                              ; 0 / 2 ( 0 % )      ;
; Global clocks                     ; 2 / 8 ( 25 % )     ;
; JTAGs                             ; 0 / 1 ( 0 % )      ;
; ASMI Blocks                       ; 0 / 1 ( 0 % )      ;
; CRC blocks                        ; 0 / 1 ( 0 % )      ;
; Maximum fan-out node              ; knife[2][9]        ;
; Maximum fan-out                   ; 322                ;
; Highest non-global fan-out signal ; knife[2][9]        ;
; Highest non-global fan-out        ; 322                ;
; Total fan-out                     ; 32086              ;
; Average fan-out                   ; 3.61               ;
+-----------------------------------+--------------------+


+-----------------------------------------------------------------------------------------------------------------------------------------------------------------------------------------------------------------------------+
; Input Pins                                                                                                                                                                                                                  ;
+--------------+------------+----------+-----------------------+--------------------+--------+----------------+---------------+-----------------+----------+--------------+--------------+-------------+----------------------+
; Name         ; Pin #      ; I/O Bank ; Combinational Fan-Out ; Registered Fan-Out ; Global ; Input Register ; Power Up High ; PCI I/O Enabled ; Bus Hold ; Weak Pull Up ; I/O Standard ; Termination ; Location assigned by ;
+--------------+------------+----------+-----------------------+--------------------+--------+----------------+---------------+-----------------+----------+--------------+--------------+-------------+----------------------+
; clk          ; Unassigned ; --       ; 261                   ; 0                  ; yes    ; no             ; no            ; no              ; no       ; Off          ; 3.3-V LVCMOS ; Off         ; User                 ;
; function_btn ; Unassigned ; --       ; 1                     ; 0                  ; no     ; no             ; no            ; no              ; no       ; Off          ; 3.3-V LVCMOS ; Off         ; User                 ;
; left_btn     ; Unassigned ; --       ; 1                     ; 0                  ; no     ; no             ; no            ; no              ; no       ; Off          ; 3.3-V LVCMOS ; Off         ; User                 ;
; right_btn    ; Unassigned ; --       ; 1                     ; 0                  ; no     ; no             ; no            ; no              ; no       ; Off          ; 3.3-V LVCMOS ; Off         ; User                 ;
+--------------+------------+----------+-----------------------+--------------------+--------+----------------+---------------+-----------------+----------+--------------+--------------+-------------+----------------------+


+----------------------------------------------------------------------------------------------------------------------------------------------------------------------------------------------------------------------------------------------------------------------------+
; Output Pins                                                                                                                                                                                                                                                                ;
+----------------+------------+----------+-----------------+------------------------+---------------+----------------+-----------------+------------+---------------+----------+--------------+--------------+------------------+-------------+----------------------+-------+
; Name           ; Pin #      ; I/O Bank ; Output Register ; Output Enable Register ; Power Up High ; Slow Slew Rate ; PCI I/O Enabled ; Open Drain ; TRI Primitive ; Bus Hold ; Weak Pull Up ; I/O Standard ; Current Strength ; Termination ; Location assigned by ; Load  ;
+----------------+------------+----------+-----------------+------------------------+---------------+----------------+-----------------+------------+---------------+----------+--------------+--------------+------------------+-------------+----------------------+-------+
; out[0]         ; Unassigned ; --       ; no              ; no                     ; no            ; no             ; no              ; no         ; no            ; no       ; Off          ; 3.3-V LVCMOS ; Default          ; Off         ; Fitter               ; 10 pF ;
; out[10]        ; Unassigned ; --       ; no              ; no                     ; no            ; no             ; no              ; no         ; no            ; no       ; Off          ; 3.3-V LVCMOS ; Default          ; Off         ; Fitter               ; 10 pF ;
; out[1]         ; Unassigned ; --       ; no              ; no                     ; no            ; no             ; no              ; no         ; no            ; no       ; Off          ; 3.3-V LVCMOS ; Default          ; Off         ; Fitter               ; 10 pF ;
; out[2]         ; Unassigned ; --       ; no              ; no                     ; no            ; no             ; no              ; no         ; no            ; no       ; Off          ; 3.3-V LVCMOS ; Default          ; Off         ; Fitter               ; 10 pF ;
; out[3]         ; Unassigned ; --       ; no              ; no                     ; no            ; no             ; no              ; no         ; no            ; no       ; Off          ; 3.3-V LVCMOS ; Default          ; Off         ; Fitter               ; 10 pF ;
; out[4]         ; Unassigned ; --       ; no              ; no                     ; no            ; no             ; no              ; no         ; no            ; no       ; Off          ; 3.3-V LVCMOS ; Default          ; Off         ; Fitter               ; 10 pF ;
; out[5]         ; Unassigned ; --       ; no              ; no                     ; no            ; no             ; no              ; no         ; no            ; no       ; Off          ; 3.3-V LVCMOS ; Default          ; Off         ; Fitter               ; 10 pF ;
; out[6]         ; Unassigned ; --       ; no              ; no                     ; no            ; no             ; no              ; no         ; no            ; no       ; Off          ; 3.3-V LVCMOS ; Default          ; Off         ; Fitter               ; 10 pF ;
; out[7]         ; Unassigned ; --       ; no              ; no                     ; no            ; no             ; no              ; no         ; no            ; no       ; Off          ; 3.3-V LVCMOS ; Default          ; Off         ; Fitter               ; 10 pF ;
; out[8]         ; Unassigned ; --       ; no              ; no                     ; no            ; no             ; no              ; no         ; no            ; no       ; Off          ; 3.3-V LVCMOS ; Default          ; Off         ; Fitter               ; 10 pF ;
; out[9]         ; Unassigned ; --       ; no              ; no                     ; no            ; no             ; no              ; no         ; no            ; no       ; Off          ; 3.3-V LVCMOS ; Default          ; Off         ; Fitter               ; 10 pF ;
; screen_col[0]  ; Unassigned ; --       ; no              ; no                     ; no            ; no             ; no              ; no         ; no            ; no       ; Off          ; 3.3-V LVCMOS ; Default          ; Off         ; User                 ; 10 pF ;
; screen_col[10] ; Unassigned ; --       ; no              ; no                     ; no            ; no             ; no              ; no         ; no            ; no       ; Off          ; 3.3-V LVCMOS ; Default          ; Off         ; User                 ; 10 pF ;
; screen_col[11] ; Unassigned ; --       ; no              ; no                     ; no            ; no             ; no              ; no         ; no            ; no       ; Off          ; 3.3-V LVCMOS ; Default          ; Off         ; User                 ; 10 pF ;
; screen_col[12] ; Unassigned ; --       ; no              ; no                     ; no            ; no             ; no              ; no         ; no            ; no       ; Off          ; 3.3-V LVCMOS ; Default          ; Off         ; User                 ; 10 pF ;
; screen_col[13] ; Unassigned ; --       ; no              ; no                     ; no            ; no             ; no              ; no         ; no            ; no       ; Off          ; 3.3-V LVCMOS ; Default          ; Off         ; User                 ; 10 pF ;
; screen_col[14] ; Unassigned ; --       ; no              ; no                     ; no            ; no             ; no              ; no         ; no            ; no       ; Off          ; 3.3-V LVCMOS ; Default          ; Off         ; User                 ; 10 pF ;
; screen_col[15] ; Unassigned ; --       ; no              ; no                     ; no            ; no             ; no              ; no         ; no            ; no       ; Off          ; 3.3-V LVCMOS ; Default          ; Off         ; User                 ; 10 pF ;
; screen_col[16] ; Unassigned ; --       ; no              ; no                     ; no            ; no             ; no              ; no         ; no            ; no       ; Off          ; 3.3-V LVCMOS ; Default          ; Off         ; User                 ; 10 pF ;
; screen_col[17] ; Unassigned ; --       ; no              ; no                     ; no            ; no             ; no              ; no         ; no            ; no       ; Off          ; 3.3-V LVCMOS ; Default          ; Off         ; User                 ; 10 pF ;
; screen_col[18] ; Unassigned ; --       ; no              ; no                     ; no            ; no             ; no              ; no         ; no            ; no       ; Off          ; 3.3-V LVCMOS ; Default          ; Off         ; User                 ; 10 pF ;
; screen_col[19] ; Unassigned ; --       ; no              ; no                     ; no            ; no             ; no              ; no         ; no            ; no       ; Off          ; 3.3-V LVCMOS ; Default          ; Off         ; User                 ; 10 pF ;
; screen_col[1]  ; Unassigned ; --       ; no              ; no                     ; no            ; no             ; no              ; no         ; no            ; no       ; Off          ; 3.3-V LVCMOS ; Default          ; Off         ; User                 ; 10 pF ;
; screen_col[20] ; Unassigned ; --       ; no              ; no                     ; no            ; no             ; no              ; no         ; no            ; no       ; Off          ; 3.3-V LVCMOS ; Default          ; Off         ; User                 ; 10 pF ;
; screen_col[21] ; Unassigned ; --       ; no              ; no                     ; no            ; no             ; no              ; no         ; no            ; no       ; Off          ; 3.3-V LVCMOS ; Default          ; Off         ; User                 ; 10 pF ;
; screen_col[22] ; Unassigned ; --       ; no              ; no                     ; no            ; no             ; no              ; no         ; no            ; no       ; Off          ; 3.3-V LVCMOS ; Default          ; Off         ; User                 ; 10 pF ;
; screen_col[23] ; Unassigned ; --       ; no              ; no                     ; no            ; no             ; no              ; no         ; no            ; no       ; Off          ; 3.3-V LVCMOS ; Default          ; Off         ; User                 ; 10 pF ;
; screen_col[24] ; Unassigned ; --       ; no              ; no                     ; no            ; no             ; no              ; no         ; no            ; no       ; Off          ; 3.3-V LVCMOS ; Default          ; Off         ; User                 ; 10 pF ;
; screen_col[25] ; Unassigned ; --       ; no              ; no                     ; no            ; no             ; no              ; no         ; no            ; no       ; Off          ; 3.3-V LVCMOS ; Default          ; Off         ; User                 ; 10 pF ;
; screen_col[26] ; Unassigned ; --       ; no              ; no                     ; no            ; no             ; no              ; no         ; no            ; no       ; Off          ; 3.3-V LVCMOS ; Default          ; Off         ; User                 ; 10 pF ;
; screen_col[27] ; Unassigned ; --       ; no              ; no                     ; no            ; no             ; no              ; no         ; no            ; no       ; Off          ; 3.3-V LVCMOS ; Default          ; Off         ; User                 ; 10 pF ;
; screen_col[28] ; Unassigned ; --       ; no              ; no                     ; no            ; no             ; no              ; no         ; no            ; no       ; Off          ; 3.3-V LVCMOS ; Default          ; Off         ; User                 ; 10 pF ;
; screen_col[29] ; Unassigned ; --       ; no              ; no                     ; no            ; no             ; no              ; no         ; no            ; no       ; Off          ; 3.3-V LVCMOS ; Default          ; Off         ; User                 ; 10 pF ;
; screen_col[2]  ; Unassigned ; --       ; no              ; no                     ; no            ; no             ; no              ; no         ; no            ; no       ; Off          ; 3.3-V LVCMOS ; Default          ; Off         ; User                 ; 10 pF ;
; screen_col[30] ; Unassigned ; --       ; no              ; no                     ; no            ; no             ; no              ; no         ; no            ; no       ; Off          ; 3.3-V LVCMOS ; Default          ; Off         ; User                 ; 10 pF ;
; screen_col[31] ; Unassigned ; --       ; no              ; no                     ; no            ; no             ; no              ; no         ; no            ; no       ; Off          ; 3.3-V LVCMOS ; Default          ; Off         ; User                 ; 10 pF ;
; screen_col[3]  ; Unassigned ; --       ; no              ; no                     ; no            ; no             ; no              ; no         ; no            ; no       ; Off          ; 3.3-V LVCMOS ; Default          ; Off         ; User                 ; 10 pF ;
; screen_col[4]  ; Unassigned ; --       ; no              ; no                     ; no            ; no             ; no              ; no         ; no            ; no       ; Off          ; 3.3-V LVCMOS ; Default          ; Off         ; User                 ; 10 pF ;
; screen_col[5]  ; Unassigned ; --       ; no              ; no                     ; no            ; no             ; no              ; no         ; no            ; no       ; Off          ; 3.3-V LVCMOS ; Default          ; Off         ; User                 ; 10 pF ;
; screen_col[6]  ; Unassigned ; --       ; no              ; no                     ; no            ; no             ; no              ; no         ; no            ; no       ; Off          ; 3.3-V LVCMOS ; Default          ; Off         ; User                 ; 10 pF ;
; screen_col[7]  ; Unassigned ; --       ; no              ; no                     ; no            ; no             ; no              ; no         ; no            ; no       ; Off          ; 3.3-V LVCMOS ; Default          ; Off         ; User                 ; 10 pF ;
; screen_col[8]  ; Unassigned ; --       ; no              ; no                     ; no            ; no             ; no              ; no         ; no            ; no       ; Off          ; 3.3-V LVCMOS ; Default          ; Off         ; User                 ; 10 pF ;
; screen_col[9]  ; Unassigned ; --       ; no              ; no                     ; no            ; no             ; no              ; no         ; no            ; no       ; Off          ; 3.3-V LVCMOS ; Default          ; Off         ; User                 ; 10 pF ;
; screen_row[0]  ; Unassigned ; --       ; no              ; no                     ; no            ; no             ; no              ; no         ; no            ; no       ; Off          ; 3.3-V LVCMOS ; Default          ; Off         ; User                 ; 10 pF ;
; screen_row[10] ; Unassigned ; --       ; no              ; no                     ; no            ; no             ; no              ; no         ; no            ; no       ; Off          ; 3.3-V LVCMOS ; Default          ; Off         ; User                 ; 10 pF ;
; screen_row[11] ; Unassigned ; --       ; no              ; no                     ; no            ; no             ; no              ; no         ; no            ; no       ; Off          ; 3.3-V LVCMOS ; Default          ; Off         ; User                 ; 10 pF ;
; screen_row[12] ; Unassigned ; --       ; no              ; no                     ; no            ; no             ; no              ; no         ; no            ; no       ; Off          ; 3.3-V LVCMOS ; Default          ; Off         ; User                 ; 10 pF ;
; screen_row[13] ; Unassigned ; --       ; no              ; no                     ; no            ; no             ; no              ; no         ; no            ; no       ; Off          ; 3.3-V LVCMOS ; Default          ; Off         ; User                 ; 10 pF ;
; screen_row[14] ; Unassigned ; --       ; no              ; no                     ; no            ; no             ; no              ; no         ; no            ; no       ; Off          ; 3.3-V LVCMOS ; Default          ; Off         ; User                 ; 10 pF ;
; screen_row[15] ; Unassigned ; --       ; no              ; no                     ; no            ; no             ; no              ; no         ; no            ; no       ; Off          ; 3.3-V LVCMOS ; Default          ; Off         ; User                 ; 10 pF ;
; screen_row[1]  ; Unassigned ; --       ; no              ; no                     ; no            ; no             ; no              ; no         ; no            ; no       ; Off          ; 3.3-V LVCMOS ; Default          ; Off         ; User                 ; 10 pF ;
; screen_row[2]  ; Unassigned ; --       ; no              ; no                     ; no            ; no             ; no              ; no         ; no            ; no       ; Off          ; 3.3-V LVCMOS ; Default          ; Off         ; User                 ; 10 pF ;
; screen_row[3]  ; Unassigned ; --       ; no              ; no                     ; no            ; no             ; no              ; no         ; no            ; no       ; Off          ; 3.3-V LVCMOS ; Default          ; Off         ; User                 ; 10 pF ;
; screen_row[4]  ; Unassigned ; --       ; no              ; no                     ; no            ; no             ; no              ; no         ; no            ; no       ; Off          ; 3.3-V LVCMOS ; Default          ; Off         ; User                 ; 10 pF ;
; screen_row[5]  ; Unassigned ; --       ; no              ; no                     ; no            ; no             ; no              ; no         ; no            ; no       ; Off          ; 3.3-V LVCMOS ; Default          ; Off         ; User                 ; 10 pF ;
; screen_row[6]  ; Unassigned ; --       ; no              ; no                     ; no            ; no             ; no              ; no         ; no            ; no       ; Off          ; 3.3-V LVCMOS ; Default          ; Off         ; User                 ; 10 pF ;
; screen_row[7]  ; Unassigned ; --       ; no              ; no                     ; no            ; no             ; no              ; no         ; no            ; no       ; Off          ; 3.3-V LVCMOS ; Default          ; Off         ; User                 ; 10 pF ;
; screen_row[8]  ; Unassigned ; --       ; no              ; no                     ; no            ; no             ; no              ; no         ; no            ; no       ; Off          ; 3.3-V LVCMOS ; Default          ; Off         ; User                 ; 10 pF ;
; screen_row[9]  ; Unassigned ; --       ; no              ; no                     ; no            ; no             ; no              ; no         ; no            ; no       ; Off          ; 3.3-V LVCMOS ; Default          ; Off         ; User                 ; 10 pF ;
; state[0]       ; Unassigned ; --       ; no              ; no                     ; no            ; no             ; no              ; no         ; no            ; no       ; Off          ; 3.3-V LVCMOS ; Default          ; Off         ; Fitter               ; 10 pF ;
; state[1]       ; Unassigned ; --       ; no              ; no                     ; no            ; no             ; no              ; no         ; no            ; no       ; Off          ; 3.3-V LVCMOS ; Default          ; Off         ; Fitter               ; 10 pF ;
; state[2]       ; Unassigned ; --       ; no              ; no                     ; no            ; no             ; no              ; no         ; no            ; no       ; Off          ; 3.3-V LVCMOS ; Default          ; Off         ; Fitter               ; 10 pF ;
; state[3]       ; Unassigned ; --       ; no              ; no                     ; no            ; no             ; no              ; no         ; no            ; no       ; Off          ; 3.3-V LVCMOS ; Default          ; Off         ; Fitter               ; 10 pF ;
+----------------+------------+----------+-----------------+------------------------+---------------+----------------+-----------------+------------+---------------+----------+--------------+--------------+------------------+-------------+----------------------+-------+


+----------------------------------------------------------+
; I/O Bank Usage                                           ;
+----------+----------------+---------------+--------------+
; I/O Bank ; Usage          ; VCCIO Voltage ; VREF Voltage ;
+----------+----------------+---------------+--------------+
; 1        ; 0 / 44 ( 0 % ) ; 3.3V          ; --           ;
; 2        ; 0 / 48 ( 0 % ) ; 3.3V          ; --           ;
; 3        ; 0 / 45 ( 0 % ) ; 3.3V          ; --           ;
; 4        ; 0 / 48 ( 0 % ) ; 3.3V          ; --           ;
; Unknown  ; 69             ; --            ;              ;
+----------+----------------+---------------+--------------+


+----------------------------------------------------------------------------------------------------------------------------------------------+
; All Package Pins                                                                                                                             ;
+----------+------------+----------+----------------+--------+--------------+---------+------------+-----------------+----------+--------------+
; Location ; Pad Number ; I/O Bank ; Pin Name/Usage ; Dir.   ; I/O Standard ; Voltage ; I/O Type   ; User Assignment ; Bus Hold ; Weak Pull Up ;
+----------+------------+----------+----------------+--------+--------------+---------+------------+-----------------+----------+--------------+
; 1        ; 0          ; 1        ; RESERVED_INPUT ;        ;              ;         ; Row I/O    ;                 ; no       ; Off          ;
; 2        ; 1          ; 1        ; RESERVED_INPUT ;        ;              ;         ; Row I/O    ;                 ; no       ; Off          ;
; 3        ; 2          ; 1        ; RESERVED_INPUT ;        ;              ;         ; Row I/O    ;                 ; no       ; Off          ;
; 4        ; 3          ; 1        ; RESERVED_INPUT ;        ;              ;         ; Row I/O    ;                 ; no       ; Off          ;
; 5        ; 4          ; 1        ; RESERVED_INPUT ;        ;              ;         ; Row I/O    ;                 ; no       ; Off          ;
; 6        ; 5          ; 1        ; RESERVED_INPUT ;        ;              ;         ; Row I/O    ;                 ; no       ; Off          ;
; 7        ; 6          ; 1        ; RESERVED_INPUT ;        ;              ;         ; Row I/O    ;                 ; no       ; Off          ;
; 8        ; 7          ; 1        ; RESERVED_INPUT ;        ;              ;         ; Row I/O    ;                 ; no       ; Off          ;
; 9        ;            ; 1        ; VCCIO1         ; power  ;              ; 3.3V    ; --         ;                 ; --       ; --           ;
; 10       ;            ;          ; GND            ; gnd    ;              ;         ; --         ;                 ; --       ; --           ;
; 11       ; 8          ; 1        ; RESERVED_INPUT ;        ;              ;         ; Row I/O    ;                 ; no       ; Off          ;
; 12       ; 9          ; 1        ; RESERVED_INPUT ;        ;              ;         ; Row I/O    ;                 ; no       ; Off          ;
; 13       ; 10         ; 1        ; RESERVED_INPUT ;        ;              ;         ; Row I/O    ;                 ; no       ; Off          ;
; 14       ; 11         ; 1        ; RESERVED_INPUT ;        ;              ;         ; Row I/O    ;                 ; no       ; Off          ;
; 15       ; 12         ; 1        ; RESERVED_INPUT ;        ;              ;         ; Row I/O    ;                 ; no       ; Off          ;
; 16       ; 13         ; 1        ; RESERVED_INPUT ;        ;              ;         ; Row I/O    ;                 ; no       ; Off          ;
; 17       ; 14         ; 1        ; RESERVED_INPUT ;        ;              ;         ; Row I/O    ;                 ; no       ; Off          ;
; 18       ; 15         ; 1        ; RESERVED_INPUT ;        ;              ;         ; Row I/O    ;                 ; no       ; Off          ;
; 19       ; 16         ; 1        ; RESERVED_INPUT ;        ;              ;         ; Row I/O    ;                 ; no       ; Off          ;
; 20       ; 17         ; 1        ; RESERVED_INPUT ;        ;              ;         ; Row I/O    ;                 ; no       ; Off          ;
; 21       ; 18         ; 1        ; RESERVED_INPUT ;        ;              ;         ; Row I/O    ;                 ; no       ; Off          ;
; 22       ;            ; 1        ; VCCIO1         ; power  ;              ; 3.3V    ; --         ;                 ; --       ; --           ;
; 23       ; 19         ; 1        ; RESERVED_INPUT ;        ;              ;         ; Row I/O    ;                 ; no       ; Off          ;
; 24       ; 20         ; 1        ; RESERVED_INPUT ;        ;              ;         ; Row I/O    ;                 ; no       ; Off          ;
; 25       ; 21         ; 1        ; ^DATA0         ; input  ;              ;         ; --         ;                 ; --       ; --           ;
; 26       ; 22         ; 1        ; ^nCONFIG       ;        ;              ;         ; --         ;                 ; --       ; --           ;
; 27       ;            ;          ; VCCA_PLL1      ; power  ;              ; 1.5V    ; --         ;                 ; --       ; --           ;
; 28       ; 23         ; 1        ; GND+           ;        ;              ;         ; Row I/O    ;                 ; --       ; --           ;
; 29       ; 24         ; 1        ; GND+           ;        ;              ;         ; Row I/O    ;                 ; --       ; --           ;
; 30       ;            ;          ; GNDA_PLL1      ; gnd    ;              ;         ; --         ;                 ; --       ; --           ;
; 31       ;            ;          ; GNDG_PLL1      ; gnd    ;              ;         ; --         ;                 ; --       ; --           ;
; 32       ; 25         ; 1        ; ^nCEO          ;        ;              ;         ; --         ;                 ; --       ; --           ;
; 33       ; 26         ; 1        ; ^nCE           ;        ;              ;         ; --         ;                 ; --       ; --           ;
; 34       ; 27         ; 1        ; ^MSEL0         ;        ;              ;         ; --         ;                 ; --       ; --           ;
; 35       ; 28         ; 1        ; ^MSEL1         ;        ;              ;         ; --         ;                 ; --       ; --           ;
; 36       ; 29         ; 1        ; ^DCLK          ; bidir  ;              ;         ; --         ;                 ; --       ; --           ;
; 37       ; 30         ; 1        ; RESERVED_INPUT ;        ;              ;         ; Row I/O    ;                 ; no       ; Off          ;
; 38       ; 31         ; 1        ; RESERVED_INPUT ;        ;              ;         ; Row I/O    ;                 ; no       ; Off          ;
; 39       ; 32         ; 1        ; RESERVED_INPUT ;        ;              ;         ; Row I/O    ;                 ; no       ; Off          ;
; 40       ;            ;          ; GND            ; gnd    ;              ;         ; --         ;                 ; --       ; --           ;
; 41       ; 33         ; 1        ; RESERVED_INPUT ;        ;              ;         ; Row I/O    ;                 ; no       ; Off          ;
; 42       ; 34         ; 1        ; RESERVED_INPUT ;        ;              ;         ; Row I/O    ;                 ; no       ; Off          ;
; 43       ; 35         ; 1        ; RESERVED_INPUT ;        ;              ;         ; Row I/O    ;                 ; no       ; Off          ;
; 44       ; 36         ; 1        ; RESERVED_INPUT ;        ;              ;         ; Row I/O    ;                 ; no       ; Off          ;
; 45       ; 37         ; 1        ; RESERVED_INPUT ;        ;              ;         ; Row I/O    ;                 ; no       ; Off          ;
; 46       ; 38         ; 1        ; RESERVED_INPUT ;        ;              ;         ; Row I/O    ;                 ; no       ; Off          ;
; 47       ; 39         ; 1        ; RESERVED_INPUT ;        ;              ;         ; Row I/O    ;                 ; no       ; Off          ;
; 48       ; 40         ; 1        ; RESERVED_INPUT ;        ;              ;         ; Row I/O    ;                 ; no       ; Off          ;
; 49       ; 41         ; 1        ; RESERVED_INPUT ;        ;              ;         ; Row I/O    ;                 ; no       ; Off          ;
; 50       ; 42         ; 1        ; RESERVED_INPUT ;        ;              ;         ; Row I/O    ;                 ; no       ; Off          ;
; 51       ;            ; 1        ; VCCIO1         ; power  ;              ; 3.3V    ; --         ;                 ; --       ; --           ;
; 52       ;            ;          ; GND            ; gnd    ;              ;         ; --         ;                 ; --       ; --           ;
; 53       ; 43         ; 1        ; RESERVED_INPUT ;        ;              ;         ; Row I/O    ;                 ; no       ; Off          ;
; 54       ; 44         ; 1        ; RESERVED_INPUT ;        ;              ;         ; Row I/O    ;                 ; no       ; Off          ;
; 55       ; 45         ; 1        ; RESERVED_INPUT ;        ;              ;         ; Row I/O    ;                 ; no       ; Off          ;
; 56       ; 46         ; 1        ; RESERVED_INPUT ;        ;              ;         ; Row I/O    ;                 ; no       ; Off          ;
; 57       ; 47         ; 1        ; RESERVED_INPUT ;        ;              ;         ; Row I/O    ;                 ; no       ; Off          ;
; 58       ; 48         ; 1        ; RESERVED_INPUT ;        ;              ;         ; Row I/O    ;                 ; no       ; Off          ;
; 59       ; 49         ; 1        ; RESERVED_INPUT ;        ;              ;         ; Row I/O    ;                 ; no       ; Off          ;
; 60       ; 50         ; 1        ; RESERVED_INPUT ;        ;              ;         ; Row I/O    ;                 ; no       ; Off          ;
; 61       ; 51         ; 4        ; RESERVED_INPUT ;        ;              ;         ; Column I/O ;                 ; no       ; Off          ;
; 62       ; 52         ; 4        ; RESERVED_INPUT ;        ;              ;         ; Column I/O ;                 ; no       ; Off          ;
; 63       ; 53         ; 4        ; RESERVED_INPUT ;        ;              ;         ; Column I/O ;                 ; no       ; Off          ;
; 64       ; 54         ; 4        ; RESERVED_INPUT ;        ;              ;         ; Column I/O ;                 ; no       ; Off          ;
; 65       ; 55         ; 4        ; RESERVED_INPUT ;        ;              ;         ; Column I/O ;                 ; no       ; Off          ;
; 66       ; 56         ; 4        ; RESERVED_INPUT ;        ;              ;         ; Column I/O ;                 ; no       ; Off          ;
; 67       ; 57         ; 4        ; RESERVED_INPUT ;        ;              ;         ; Column I/O ;                 ; no       ; Off          ;
; 68       ; 58         ; 4        ; RESERVED_INPUT ;        ;              ;         ; Column I/O ;                 ; no       ; Off          ;
; 69       ;            ;          ; GND            ; gnd    ;              ;         ; --         ;                 ; --       ; --           ;
; 70       ;            ; 4        ; VCCIO4         ; power  ;              ; 3.3V    ; --         ;                 ; --       ; --           ;
; 71       ;            ;          ; GND            ; gnd    ;              ;         ; --         ;                 ; --       ; --           ;
; 72       ;            ;          ; VCCINT         ; power  ;              ; 1.5V    ; --         ;                 ; --       ; --           ;
; 73       ; 59         ; 4        ; RESERVED_INPUT ;        ;              ;         ; Column I/O ;                 ; no       ; Off          ;
; 74       ; 60         ; 4        ; RESERVED_INPUT ;        ;              ;         ; Column I/O ;                 ; no       ; Off          ;
; 75       ; 61         ; 4        ; RESERVED_INPUT ;        ;              ;         ; Column I/O ;                 ; no       ; Off          ;
; 76       ; 62         ; 4        ; RESERVED_INPUT ;        ;              ;         ; Column I/O ;                 ; no       ; Off          ;
; 77       ; 63         ; 4        ; RESERVED_INPUT ;        ;              ;         ; Column I/O ;                 ; no       ; Off          ;
; 78       ; 64         ; 4        ; RESERVED_INPUT ;        ;              ;         ; Column I/O ;                 ; no       ; Off          ;
; 79       ; 65         ; 4        ; RESERVED_INPUT ;        ;              ;         ; Column I/O ;                 ; no       ; Off          ;
; 80       ; 66         ; 4        ; RESERVED_INPUT ;        ;              ;         ; Column I/O ;                 ; no       ; Off          ;
; 81       ; 67         ; 4        ; RESERVED_INPUT ;        ;              ;         ; Column I/O ;                 ; no       ; Off          ;
; 82       ; 68         ; 4        ; RESERVED_INPUT ;        ;              ;         ; Column I/O ;                 ; no       ; Off          ;
; 83       ; 69         ; 4        ; RESERVED_INPUT ;        ;              ;         ; Column I/O ;                 ; no       ; Off          ;
; 84       ; 70         ; 4        ; RESERVED_INPUT ;        ;              ;         ; Column I/O ;                 ; no       ; Off          ;
; 85       ; 71         ; 4        ; RESERVED_INPUT ;        ;              ;         ; Column I/O ;                 ; no       ; Off          ;
; 86       ; 72         ; 4        ; RESERVED_INPUT ;        ;              ;         ; Column I/O ;                 ; no       ; Off          ;
; 87       ; 73         ; 4        ; RESERVED_INPUT ;        ;              ;         ; Column I/O ;                 ; no       ; Off          ;
; 88       ; 74         ; 4        ; RESERVED_INPUT ;        ;              ;         ; Column I/O ;                 ; no       ; Off          ;
; 89       ;            ;          ; GND            ; gnd    ;              ;         ; --         ;                 ; --       ; --           ;
; 90       ;            ;          ; VCCINT         ; power  ;              ; 1.5V    ; --         ;                 ; --       ; --           ;
; 91       ;            ;          ; GND            ; gnd    ;              ;         ; --         ;                 ; --       ; --           ;
; 92       ;            ; 4        ; VCCIO4         ; power  ;              ; 3.3V    ; --         ;                 ; --       ; --           ;
; 93       ; 75         ; 4        ; RESERVED_INPUT ;        ;              ;         ; Column I/O ;                 ; no       ; Off          ;
; 94       ; 76         ; 4        ; RESERVED_INPUT ;        ;              ;         ; Column I/O ;                 ; no       ; Off          ;
; 95       ; 77         ; 4        ; RESERVED_INPUT ;        ;              ;         ; Column I/O ;                 ; no       ; Off          ;
; 96       ; 78         ; 4        ; RESERVED_INPUT ;        ;              ;         ; Column I/O ;                 ; no       ; Off          ;
; 97       ; 79         ; 4        ; RESERVED_INPUT ;        ;              ;         ; Column I/O ;                 ; no       ; Off          ;
; 98       ; 80         ; 4        ; RESERVED_INPUT ;        ;              ;         ; Column I/O ;                 ; no       ; Off          ;
; 99       ; 81         ; 4        ; RESERVED_INPUT ;        ;              ;         ; Column I/O ;                 ; no       ; Off          ;
; 100      ; 82         ; 4        ; RESERVED_INPUT ;        ;              ;         ; Column I/O ;                 ; no       ; Off          ;
; 101      ; 83         ; 4        ; RESERVED_INPUT ;        ;              ;         ; Column I/O ;                 ; no       ; Off          ;
; 102      ; 84         ; 4        ; RESERVED_INPUT ;        ;              ;         ; Column I/O ;                 ; no       ; Off          ;
; 103      ; 85         ; 4        ; RESERVED_INPUT ;        ;              ;         ; Column I/O ;                 ; no       ; Off          ;
; 104      ; 86         ; 4        ; RESERVED_INPUT ;        ;              ;         ; Column I/O ;                 ; no       ; Off          ;
; 105      ; 87         ; 4        ; RESERVED_INPUT ;        ;              ;         ; Column I/O ;                 ; no       ; Off          ;
; 106      ; 88         ; 4        ; RESERVED_INPUT ;        ;              ;         ; Column I/O ;                 ; no       ; Off          ;
; 107      ; 89         ; 4        ; RESERVED_INPUT ;        ;              ;         ; Column I/O ;                 ; no       ; Off          ;
; 108      ; 90         ; 4        ; RESERVED_INPUT ;        ;              ;         ; Column I/O ;                 ; no       ; Off          ;
; 109      ;            ;          ; GND            ; gnd    ;              ;         ; --         ;                 ; --       ; --           ;
; 110      ;            ;          ; VCCINT         ; power  ;              ; 1.5V    ; --         ;                 ; --       ; --           ;
; 111      ;            ;          ; GND            ; gnd    ;              ;         ; --         ;                 ; --       ; --           ;
; 112      ;            ; 4        ; VCCIO4         ; power  ;              ; 3.3V    ; --         ;                 ; --       ; --           ;
; 113      ; 91         ; 4        ; RESERVED_INPUT ;        ;              ;         ; Column I/O ;                 ; no       ; Off          ;
; 114      ; 92         ; 4        ; RESERVED_INPUT ;        ;              ;         ; Column I/O ;                 ; no       ; Off          ;
; 115      ; 93         ; 4        ; RESERVED_INPUT ;        ;              ;         ; Column I/O ;                 ; no       ; Off          ;
; 116      ; 94         ; 4        ; RESERVED_INPUT ;        ;              ;         ; Column I/O ;                 ; no       ; Off          ;
; 117      ; 95         ; 4        ; RESERVED_INPUT ;        ;              ;         ; Column I/O ;                 ; no       ; Off          ;
; 118      ; 96         ; 4        ; RESERVED_INPUT ;        ;              ;         ; Column I/O ;                 ; no       ; Off          ;
; 119      ; 97         ; 4        ; RESERVED_INPUT ;        ;              ;         ; Column I/O ;                 ; no       ; Off          ;
; 120      ; 98         ; 4        ; RESERVED_INPUT ;        ;              ;         ; Column I/O ;                 ; no       ; Off          ;
; 121      ; 99         ; 3        ; RESERVED_INPUT ;        ;              ;         ; Row I/O    ;                 ; no       ; Off          ;
; 122      ; 100        ; 3        ; RESERVED_INPUT ;        ;              ;         ; Row I/O    ;                 ; no       ; Off          ;
; 123      ; 101        ; 3        ; RESERVED_INPUT ;        ;              ;         ; Row I/O    ;                 ; no       ; Off          ;
; 124      ; 102        ; 3        ; RESERVED_INPUT ;        ;              ;         ; Row I/O    ;                 ; no       ; Off          ;
; 125      ; 103        ; 3        ; RESERVED_INPUT ;        ;              ;         ; Row I/O    ;                 ; no       ; Off          ;
; 126      ; 104        ; 3        ; RESERVED_INPUT ;        ;              ;         ; Row I/O    ;                 ; no       ; Off          ;
; 127      ; 105        ; 3        ; RESERVED_INPUT ;        ;              ;         ; Row I/O    ;                 ; no       ; Off          ;
; 128      ; 106        ; 3        ; RESERVED_INPUT ;        ;              ;         ; Row I/O    ;                 ; no       ; Off          ;
; 129      ;            ;          ; GND            ; gnd    ;              ;         ; --         ;                 ; --       ; --           ;
; 130      ;            ; 3        ; VCCIO3         ; power  ;              ; 3.3V    ; --         ;                 ; --       ; --           ;
; 131      ; 107        ; 3        ; RESERVED_INPUT ;        ;              ;         ; Row I/O    ;                 ; no       ; Off          ;
; 132      ; 108        ; 3        ; RESERVED_INPUT ;        ;              ;         ; Row I/O    ;                 ; no       ; Off          ;
; 133      ; 109        ; 3        ; RESERVED_INPUT ;        ;              ;         ; Row I/O    ;                 ; no       ; Off          ;
; 134      ; 110        ; 3        ; RESERVED_INPUT ;        ;              ;         ; Row I/O    ;                 ; no       ; Off          ;
; 135      ; 111        ; 3        ; RESERVED_INPUT ;        ;              ;         ; Row I/O    ;                 ; no       ; Off          ;
; 136      ; 112        ; 3        ; RESERVED_INPUT ;        ;              ;         ; Row I/O    ;                 ; no       ; Off          ;
; 137      ; 113        ; 3        ; RESERVED_INPUT ;        ;              ;         ; Row I/O    ;                 ; no       ; Off          ;
; 138      ; 114        ; 3        ; RESERVED_INPUT ;        ;              ;         ; Row I/O    ;                 ; no       ; Off          ;
; 139      ; 115        ; 3        ; RESERVED_INPUT ;        ;              ;         ; Row I/O    ;                 ; no       ; Off          ;
; 140      ; 116        ; 3        ; RESERVED_INPUT ;        ;              ;         ; Row I/O    ;                 ; no       ; Off          ;
; 141      ; 117        ; 3        ; RESERVED_INPUT ;        ;              ;         ; Row I/O    ;                 ; no       ; Off          ;
; 142      ;            ;          ; GND            ; gnd    ;              ;         ; --         ;                 ; --       ; --           ;
; 143      ; 118        ; 3        ; RESERVED_INPUT ;        ;              ;         ; Row I/O    ;                 ; no       ; Off          ;
; 144      ; 119        ; 3        ; RESERVED_INPUT ;        ;              ;         ; Row I/O    ;                 ; no       ; Off          ;
; 145      ; 120        ; 3        ; ^CONF_DONE     ;        ;              ;         ; --         ;                 ; --       ; --           ;
; 146      ; 121        ; 3        ; ^nSTATUS       ;        ;              ;         ; --         ;                 ; --       ; --           ;
; 147      ; 122        ; 3        ; #TCK           ; input  ;              ;         ; --         ;                 ; --       ; --           ;
; 148      ; 123        ; 3        ; #TMS           ; input  ;              ;         ; --         ;                 ; --       ; --           ;
; 149      ; 124        ; 3        ; #TDO           ; output ;              ;         ; --         ;                 ; --       ; --           ;
; 150      ;            ;          ; GNDG_PLL2      ; gnd    ;              ;         ; --         ;                 ; --       ; --           ;
; 151      ;            ;          ; GNDA_PLL2      ; gnd    ;              ;         ; --         ;                 ; --       ; --           ;
; 152      ; 125        ; 3        ; GND+           ;        ;              ;         ; Row I/O    ;                 ; --       ; --           ;
; 153      ; 126        ; 3        ; GND+           ;        ;              ;         ; Row I/O    ;                 ; --       ; --           ;
; 154      ;            ;          ; VCCA_PLL2      ; power  ;              ; 1.5V    ; --         ;                 ; --       ; --           ;
; 155      ; 127        ; 3        ; #TDI           ; input  ;              ;         ; --         ;                 ; --       ; --           ;
; 156      ; 128        ; 3        ; RESERVED_INPUT ;        ;              ;         ; Row I/O    ;                 ; no       ; Off          ;
; 157      ;            ; 3        ; VCCIO3         ; power  ;              ; 3.3V    ; --         ;                 ; --       ; --           ;
; 158      ; 129        ; 3        ; RESERVED_INPUT ;        ;              ;         ; Row I/O    ;                 ; no       ; Off          ;
; 159      ; 130        ; 3        ; RESERVED_INPUT ;        ;              ;         ; Row I/O    ;                 ; no       ; Off          ;
; 160      ; 131        ; 3        ; RESERVED_INPUT ;        ;              ;         ; Row I/O    ;                 ; no       ; Off          ;
; 161      ; 132        ; 3        ; RESERVED_INPUT ;        ;              ;         ; Row I/O    ;                 ; no       ; Off          ;
; 162      ; 133        ; 3        ; RESERVED_INPUT ;        ;              ;         ; Row I/O    ;                 ; no       ; Off          ;
; 163      ; 134        ; 3        ; RESERVED_INPUT ;        ;              ;         ; Row I/O    ;                 ; no       ; Off          ;
; 164      ; 135        ; 3        ; RESERVED_INPUT ;        ;              ;         ; Row I/O    ;                 ; no       ; Off          ;
; 165      ; 136        ; 3        ; RESERVED_INPUT ;        ;              ;         ; Row I/O    ;                 ; no       ; Off          ;
; 166      ; 137        ; 3        ; RESERVED_INPUT ;        ;              ;         ; Row I/O    ;                 ; no       ; Off          ;
; 167      ; 138        ; 3        ; RESERVED_INPUT ;        ;              ;         ; Row I/O    ;                 ; no       ; Off          ;
; 168      ; 139        ; 3        ; RESERVED_INPUT ;        ;              ;         ; Row I/O    ;                 ; no       ; Off          ;
; 169      ; 140        ; 3        ; RESERVED_INPUT ;        ;              ;         ; Row I/O    ;                 ; no       ; Off          ;
; 170      ; 141        ; 3        ; RESERVED_INPUT ;        ;              ;         ; Row I/O    ;                 ; no       ; Off          ;
; 171      ;            ;          ; GND            ; gnd    ;              ;         ; --         ;                 ; --       ; --           ;
; 172      ;            ; 3        ; VCCIO3         ; power  ;              ; 3.3V    ; --         ;                 ; --       ; --           ;
; 173      ; 142        ; 3        ; RESERVED_INPUT ;        ;              ;         ; Row I/O    ;                 ; no       ; Off          ;
; 174      ; 143        ; 3        ; RESERVED_INPUT ;        ;              ;         ; Row I/O    ;                 ; no       ; Off          ;
; 175      ; 144        ; 3        ; RESERVED_INPUT ;        ;              ;         ; Row I/O    ;                 ; no       ; Off          ;
; 176      ; 145        ; 3        ; RESERVED_INPUT ;        ;              ;         ; Row I/O    ;                 ; no       ; Off          ;
; 177      ; 146        ; 3        ; RESERVED_INPUT ;        ;              ;         ; Row I/O    ;                 ; no       ; Off          ;
; 178      ; 147        ; 3        ; RESERVED_INPUT ;        ;              ;         ; Row I/O    ;                 ; no       ; Off          ;
; 179      ; 148        ; 3        ; RESERVED_INPUT ;        ;              ;         ; Row I/O    ;                 ; no       ; Off          ;
; 180      ; 149        ; 3        ; RESERVED_INPUT ;        ;              ;         ; Row I/O    ;                 ; no       ; Off          ;
; 181      ; 150        ; 2        ; RESERVED_INPUT ;        ;              ;         ; Column I/O ;                 ; no       ; Off          ;
; 182      ; 151        ; 2        ; RESERVED_INPUT ;        ;              ;         ; Column I/O ;                 ; no       ; Off          ;
; 183      ; 152        ; 2        ; RESERVED_INPUT ;        ;              ;         ; Column I/O ;                 ; no       ; Off          ;
; 184      ; 153        ; 2        ; RESERVED_INPUT ;        ;              ;         ; Column I/O ;                 ; no       ; Off          ;
; 185      ; 154        ; 2        ; RESERVED_INPUT ;        ;              ;         ; Column I/O ;                 ; no       ; Off          ;
; 186      ; 155        ; 2        ; RESERVED_INPUT ;        ;              ;         ; Column I/O ;                 ; no       ; Off          ;
; 187      ; 156        ; 2        ; RESERVED_INPUT ;        ;              ;         ; Column I/O ;                 ; no       ; Off          ;
; 188      ; 157        ; 2        ; RESERVED_INPUT ;        ;              ;         ; Column I/O ;                 ; no       ; Off          ;
; 189      ;            ; 2        ; VCCIO2         ; power  ;              ; 3.3V    ; --         ;                 ; --       ; --           ;
; 190      ;            ;          ; GND            ; gnd    ;              ;         ; --         ;                 ; --       ; --           ;
; 191      ;            ;          ; VCCINT         ; power  ;              ; 1.5V    ; --         ;                 ; --       ; --           ;
; 192      ;            ;          ; GND            ; gnd    ;              ;         ; --         ;                 ; --       ; --           ;
; 193      ; 158        ; 2        ; RESERVED_INPUT ;        ;              ;         ; Column I/O ;                 ; no       ; Off          ;
; 194      ; 159        ; 2        ; RESERVED_INPUT ;        ;              ;         ; Column I/O ;                 ; no       ; Off          ;
; 195      ; 160        ; 2        ; RESERVED_INPUT ;        ;              ;         ; Column I/O ;                 ; no       ; Off          ;
; 196      ; 161        ; 2        ; RESERVED_INPUT ;        ;              ;         ; Column I/O ;                 ; no       ; Off          ;
; 197      ; 162        ; 2        ; RESERVED_INPUT ;        ;              ;         ; Column I/O ;                 ; no       ; Off          ;
; 198      ; 163        ; 2        ; RESERVED_INPUT ;        ;              ;         ; Column I/O ;                 ; no       ; Off          ;
; 199      ; 164        ; 2        ; RESERVED_INPUT ;        ;              ;         ; Column I/O ;                 ; no       ; Off          ;
; 200      ; 165        ; 2        ; RESERVED_INPUT ;        ;              ;         ; Column I/O ;                 ; no       ; Off          ;
; 201      ; 166        ; 2        ; RESERVED_INPUT ;        ;              ;         ; Column I/O ;                 ; no       ; Off          ;
; 202      ; 167        ; 2        ; RESERVED_INPUT ;        ;              ;         ; Column I/O ;                 ; no       ; Off          ;
; 203      ; 168        ; 2        ; RESERVED_INPUT ;        ;              ;         ; Column I/O ;                 ; no       ; Off          ;
; 204      ; 169        ; 2        ; RESERVED_INPUT ;        ;              ;         ; Column I/O ;                 ; no       ; Off          ;
; 205      ; 170        ; 2        ; RESERVED_INPUT ;        ;              ;         ; Column I/O ;                 ; no       ; Off          ;
; 206      ; 171        ; 2        ; RESERVED_INPUT ;        ;              ;         ; Column I/O ;                 ; no       ; Off          ;
; 207      ; 172        ; 2        ; RESERVED_INPUT ;        ;              ;         ; Column I/O ;                 ; no       ; Off          ;
; 208      ; 173        ; 2        ; RESERVED_INPUT ;        ;              ;         ; Column I/O ;                 ; no       ; Off          ;
; 209      ;            ; 2        ; VCCIO2         ; power  ;              ; 3.3V    ; --         ;                 ; --       ; --           ;
; 210      ;            ;          ; GND            ; gnd    ;              ;         ; --         ;                 ; --       ; --           ;
; 211      ;            ;          ; VCCINT         ; power  ;              ; 1.5V    ; --         ;                 ; --       ; --           ;
; 212      ;            ;          ; GND            ; gnd    ;              ;         ; --         ;                 ; --       ; --           ;
; 213      ; 174        ; 2        ; RESERVED_INPUT ;        ;              ;         ; Column I/O ;                 ; no       ; Off          ;
; 214      ; 175        ; 2        ; RESERVED_INPUT ;        ;              ;         ; Column I/O ;                 ; no       ; Off          ;
; 215      ; 176        ; 2        ; RESERVED_INPUT ;        ;              ;         ; Column I/O ;                 ; no       ; Off          ;
; 216      ; 177        ; 2        ; RESERVED_INPUT ;        ;              ;         ; Column I/O ;                 ; no       ; Off          ;
; 217      ; 178        ; 2        ; RESERVED_INPUT ;        ;              ;         ; Column I/O ;                 ; no       ; Off          ;
; 218      ; 179        ; 2        ; RESERVED_INPUT ;        ;              ;         ; Column I/O ;                 ; no       ; Off          ;
; 219      ; 180        ; 2        ; RESERVED_INPUT ;        ;              ;         ; Column I/O ;                 ; no       ; Off          ;
; 220      ; 181        ; 2        ; RESERVED_INPUT ;        ;              ;         ; Column I/O ;                 ; no       ; Off          ;
; 221      ; 182        ; 2        ; RESERVED_INPUT ;        ;              ;         ; Column I/O ;                 ; no       ; Off          ;
; 222      ; 183        ; 2        ; RESERVED_INPUT ;        ;              ;         ; Column I/O ;                 ; no       ; Off          ;
; 223      ; 184        ; 2        ; RESERVED_INPUT ;        ;              ;         ; Column I/O ;                 ; no       ; Off          ;
; 224      ; 185        ; 2        ; RESERVED_INPUT ;        ;              ;         ; Column I/O ;                 ; no       ; Off          ;
; 225      ; 186        ; 2        ; RESERVED_INPUT ;        ;              ;         ; Column I/O ;                 ; no       ; Off          ;
; 226      ; 187        ; 2        ; RESERVED_INPUT ;        ;              ;         ; Column I/O ;                 ; no       ; Off          ;
; 227      ; 188        ; 2        ; RESERVED_INPUT ;        ;              ;         ; Column I/O ;                 ; no       ; Off          ;
; 228      ; 189        ; 2        ; RESERVED_INPUT ;        ;              ;         ; Column I/O ;                 ; no       ; Off          ;
; 229      ;            ;          ; VCCINT         ; power  ;              ; 1.5V    ; --         ;                 ; --       ; --           ;
; 230      ;            ;          ; GND            ; gnd    ;              ;         ; --         ;                 ; --       ; --           ;
; 231      ;            ; 2        ; VCCIO2         ; power  ;              ; 3.3V    ; --         ;                 ; --       ; --           ;
; 232      ;            ;          ; GND            ; gnd    ;              ;         ; --         ;                 ; --       ; --           ;
; 233      ; 190        ; 2        ; RESERVED_INPUT ;        ;              ;         ; Column I/O ;                 ; no       ; Off          ;
; 234      ; 191        ; 2        ; RESERVED_INPUT ;        ;              ;         ; Column I/O ;                 ; no       ; Off          ;
; 235      ; 192        ; 2        ; RESERVED_INPUT ;        ;              ;         ; Column I/O ;                 ; no       ; Off          ;
; 236      ; 193        ; 2        ; RESERVED_INPUT ;        ;              ;         ; Column I/O ;                 ; no       ; Off          ;
; 237      ; 194        ; 2        ; RESERVED_INPUT ;        ;              ;         ; Column I/O ;                 ; no       ; Off          ;
; 238      ; 195        ; 2        ; RESERVED_INPUT ;        ;              ;         ; Column I/O ;                 ; no       ; Off          ;
; 239      ; 196        ; 2        ; RESERVED_INPUT ;        ;              ;         ; Column I/O ;                 ; no       ; Off          ;
; 240      ; 197        ; 2        ; RESERVED_INPUT ;        ;              ;         ; Column I/O ;                 ; no       ; Off          ;
+----------+------------+----------+----------------+--------+--------------+---------+------------+-----------------+----------+--------------+
Note: Pin directions (input, output or bidir) are based on device operating in user mode.


+------------------------------------------------------------------+
; Output Pin Default Load For Reported TCO                         ;
+---------------------+-------+------------------------------------+
; I/O Standard        ; Load  ; Termination Resistance             ;
+---------------------+-------+------------------------------------+
; 3.3-V LVTTL         ; 10 pF ; Not Available                      ;
; 3.3-V LVCMOS        ; 10 pF ; Not Available                      ;
; 2.5 V               ; 10 pF ; Not Available                      ;
; 1.8 V               ; 10 pF ; Not Available                      ;
; 1.5 V               ; 10 pF ; Not Available                      ;
; SSTL-3 Class I      ; 30 pF ; 50 Ohm (Parallel), 25 Ohm (Serial) ;
; SSTL-3 Class II     ; 30 pF ; 25 Ohm (Parallel), 25 Ohm (Serial) ;
; SSTL-2 Class I      ; 30 pF ; 50 Ohm (Parallel), 25 Ohm (Serial) ;
; SSTL-2 Class II     ; 30 pF ; 25 Ohm (Parallel), 25 Ohm (Serial) ;
; Differential SSTL-2 ; 10 pF ; (See SSTL-2)                       ;
; 3.3-V PCI           ; 10 pF ; 25 Ohm (Parallel)                  ;
; LVDS                ; 4 pF  ; 100 Ohm (Differential)             ;
; RSDS                ; 10 pF ; 100 Ohm (Differential)             ;
+---------------------+-------+------------------------------------+
Note: User assignments will override these defaults. The user specified values are listed in the Output Pins and Bidir Pins tables.


+---------------------------------------------------------------------------------------------------------------------------------------------------------------------------------------------------------------------------------+
; Fitter Resource Utilization by Entity                                                                                                                                                                                           ;
+----------------------------+-------------+--------------+-------------+------+--------------+--------------+-------------------+------------------+-----------------+------------+-------------------------------+--------------+
; Compilation Hierarchy Node ; Logic Cells ; LC Registers ; Memory Bits ; Pins ; Virtual Pins ; LUT-Only LCs ; Register-Only LCs ; LUT/Register LCs ; Carry Chain LCs ; Packed LCs ; Full Hierarchy Name           ; Library Name ;
+----------------------------+-------------+--------------+-------------+------+--------------+--------------+-------------------+------------------+-----------------+------------+-------------------------------+--------------+
; |Verilog_Final             ; 8829 (8819) ; 261          ; 0           ; 67   ; 0            ; 8568 (8568)  ; 5 (5)             ; 256 (246)        ; 113 (113)       ; 22 (21)    ; |Verilog_Final                ; work         ;
;    |LFSR_5bit:M1|          ; 7 (7)       ; 7            ; 0           ; 0    ; 0            ; 0 (0)        ; 0 (0)             ; 7 (7)            ; 0 (0)           ; 0 (0)      ; |Verilog_Final|LFSR_5bit:M1   ; work         ;
;    |drop_random:M2|        ; 3 (3)       ; 3            ; 0           ; 0    ; 0            ; 0 (0)        ; 0 (0)             ; 3 (3)            ; 0 (0)           ; 1 (1)      ; |Verilog_Final|drop_random:M2 ; work         ;
+----------------------------+-------------+--------------+-------------+------+--------------+--------------+-------------------+------------------+-----------------+------------+-------------------------------+--------------+
Note: For table entries with two numbers listed, the numbers in parentheses indicate the number of resources of the given type used by the specific entity alone. The numbers listed outside of parentheses indicate the total resources of the given type used by the specific entity and all of its sub-entities in the hierarchy.


+-----------------------------------------------------------------------------------------+
; Delay Chain Summary                                                                     ;
+----------------+----------+---------------+---------------+-----------------------+-----+
; Name           ; Pin Type ; Pad to Core 0 ; Pad to Core 1 ; Pad to Input Register ; TCO ;
+----------------+----------+---------------+---------------+-----------------------+-----+
; screen_row[0]  ; Output   ; --            ; --            ; --                    ; --  ;
; screen_row[1]  ; Output   ; --            ; --            ; --                    ; --  ;
; screen_row[2]  ; Output   ; --            ; --            ; --                    ; --  ;
; screen_row[3]  ; Output   ; --            ; --            ; --                    ; --  ;
; screen_row[4]  ; Output   ; --            ; --            ; --                    ; --  ;
; screen_row[5]  ; Output   ; --            ; --            ; --                    ; --  ;
; screen_row[6]  ; Output   ; --            ; --            ; --                    ; --  ;
; screen_row[7]  ; Output   ; --            ; --            ; --                    ; --  ;
; screen_row[8]  ; Output   ; --            ; --            ; --                    ; --  ;
; screen_row[9]  ; Output   ; --            ; --            ; --                    ; --  ;
; screen_row[10] ; Output   ; --            ; --            ; --                    ; --  ;
; screen_row[11] ; Output   ; --            ; --            ; --                    ; --  ;
; screen_row[12] ; Output   ; --            ; --            ; --                    ; --  ;
; screen_row[13] ; Output   ; --            ; --            ; --                    ; --  ;
; screen_row[14] ; Output   ; --            ; --            ; --                    ; --  ;
; screen_row[15] ; Output   ; --            ; --            ; --                    ; --  ;
; screen_col[0]  ; Output   ; --            ; --            ; --                    ; --  ;
; screen_col[1]  ; Output   ; --            ; --            ; --                    ; --  ;
; screen_col[2]  ; Output   ; --            ; --            ; --                    ; --  ;
; screen_col[3]  ; Output   ; --            ; --            ; --                    ; --  ;
; screen_col[4]  ; Output   ; --            ; --            ; --                    ; --  ;
; screen_col[5]  ; Output   ; --            ; --            ; --                    ; --  ;
; screen_col[6]  ; Output   ; --            ; --            ; --                    ; --  ;
; screen_col[7]  ; Output   ; --            ; --            ; --                    ; --  ;
; screen_col[8]  ; Output   ; --            ; --            ; --                    ; --  ;
; screen_col[9]  ; Output   ; --            ; --            ; --                    ; --  ;
; screen_col[10] ; Output   ; --            ; --            ; --                    ; --  ;
; screen_col[11] ; Output   ; --            ; --            ; --                    ; --  ;
; screen_col[12] ; Output   ; --            ; --            ; --                    ; --  ;
; screen_col[13] ; Output   ; --            ; --            ; --                    ; --  ;
; screen_col[14] ; Output   ; --            ; --            ; --                    ; --  ;
; screen_col[15] ; Output   ; --            ; --            ; --                    ; --  ;
; screen_col[16] ; Output   ; --            ; --            ; --                    ; --  ;
; screen_col[17] ; Output   ; --            ; --            ; --                    ; --  ;
; screen_col[18] ; Output   ; --            ; --            ; --                    ; --  ;
; screen_col[19] ; Output   ; --            ; --            ; --                    ; --  ;
; screen_col[20] ; Output   ; --            ; --            ; --                    ; --  ;
; screen_col[21] ; Output   ; --            ; --            ; --                    ; --  ;
; screen_col[22] ; Output   ; --            ; --            ; --                    ; --  ;
; screen_col[23] ; Output   ; --            ; --            ; --                    ; --  ;
; screen_col[24] ; Output   ; --            ; --            ; --                    ; --  ;
; screen_col[25] ; Output   ; --            ; --            ; --                    ; --  ;
; screen_col[26] ; Output   ; --            ; --            ; --                    ; --  ;
; screen_col[27] ; Output   ; --            ; --            ; --                    ; --  ;
; screen_col[28] ; Output   ; --            ; --            ; --                    ; --  ;
; screen_col[29] ; Output   ; --            ; --            ; --                    ; --  ;
; screen_col[30] ; Output   ; --            ; --            ; --                    ; --  ;
; screen_col[31] ; Output   ; --            ; --            ; --                    ; --  ;
; out[0]         ; Output   ; --            ; --            ; --                    ; --  ;
; out[1]         ; Output   ; --            ; --            ; --                    ; --  ;
; out[2]         ; Output   ; --            ; --            ; --                    ; --  ;
; out[3]         ; Output   ; --            ; --            ; --                    ; --  ;
; out[4]         ; Output   ; --            ; --            ; --                    ; --  ;
; out[5]         ; Output   ; --            ; --            ; --                    ; --  ;
; out[6]         ; Output   ; --            ; --            ; --                    ; --  ;
; out[7]         ; Output   ; --            ; --            ; --                    ; --  ;
; out[8]         ; Output   ; --            ; --            ; --                    ; --  ;
; out[9]         ; Output   ; --            ; --            ; --                    ; --  ;
; out[10]        ; Output   ; --            ; --            ; --                    ; --  ;
; state[0]       ; Output   ; --            ; --            ; --                    ; --  ;
; state[1]       ; Output   ; --            ; --            ; --                    ; --  ;
; state[2]       ; Output   ; --            ; --            ; --                    ; --  ;
; state[3]       ; Output   ; --            ; --            ; --                    ; --  ;
; clk            ; Input    ; OFF           ; OFF           ; --                    ; --  ;
; function_btn   ; Input    ; ON            ; ON            ; --                    ; --  ;
; right_btn      ; Input    ; ON            ; ON            ; --                    ; --  ;
; left_btn       ; Input    ; ON            ; ON            ; --                    ; --  ;
+----------------+----------+---------------+---------------+-----------------------+-----+


+---------------------------------------------------+
; Pad To Core Delay Chain Fanout                    ;
+---------------------+-------------------+---------+
; Source Pin / Fanout ; Pad To Core Index ; Setting ;
+---------------------+-------------------+---------+
; clk                 ;                   ;         ;
; function_btn        ;                   ;         ;
; right_btn           ;                   ;         ;
; left_btn            ;                   ;         ;
+---------------------+-------------------+---------+


+------------------------------------------------------------------------------------------------------------------------+
; Control Signals                                                                                                        ;
+-------------------+------------+---------+--------------------------+--------+----------------------+------------------+
; Name              ; Location   ; Fan-Out ; Usage                    ; Global ; Global Resource Used ; Global Line Name ;
+-------------------+------------+---------+--------------------------+--------+----------------------+------------------+
; WideNor0~7        ; Unassigned ; 32      ; Latch enable             ; yes    ; Global Clock         ; Not Available    ;
; clk               ; Unassigned ; 261     ; Clock                    ; yes    ; Global Clock         ; Not Available    ;
; human_col[4]~43   ; Unassigned ; 5       ; Clock enable             ; no     ; --                   ; --               ;
; knife[2][0]~5847  ; Unassigned ; 220     ; Clock enable             ; no     ; --                   ; --               ;
; screen_state.0001 ; Unassigned ; 172     ; Clock enable, Sync. load ; no     ; --                   ; --               ;
+-------------------+------------+---------+--------------------------+--------+----------------------+------------------+


+-----------------------------------------------------------------------------+
; Global & Other Fast Signals                                                 ;
+------------+------------+---------+----------------------+------------------+
; Name       ; Location   ; Fan-Out ; Global Resource Used ; Global Line Name ;
+------------+------------+---------+----------------------+------------------+
; WideNor0~7 ; Unassigned ; 32      ; Global Clock         ; Not Available    ;
; clk        ; Unassigned ; 261     ; Global Clock         ; Not Available    ;
+------------+------------+---------+----------------------+------------------+


+----------------------------------------+
; Non-Global High Fan-Out Signals        ;
+------------------------------+---------+
; Name                         ; Fan-Out ;
+------------------------------+---------+
; knife[7][9]                  ; 322     ;
; knife[6][9]                  ; 322     ;
; knife[12][9]                 ; 322     ;
; knife[2][9]                  ; 322     ;
; knife[9][9]                  ; 311     ;
; knife[8][9]                  ; 311     ;
; knife[16][9]                 ; 300     ;
; knife[0][9]                  ; 291     ;
; knife[1][9]                  ; 280     ;
; knife[15][9]                 ; 275     ;
; knife[10][9]                 ; 275     ;
; knife[14][9]                 ; 272     ;
; knife[17][9]                 ; 264     ;
; knife[11][9]                 ; 257     ;
; knife[4][9]                  ; 238     ;
; knife[19][9]                 ; 225     ;
; knife[2][0]~5847             ; 220     ;
; knife[18][9]                 ; 216     ;
; knife[3][9]                  ; 193     ;
; screen_state.0001            ; 172     ;
; human_col[0]                 ; 88      ;
; human_col[1]                 ; 85      ;
; human_col[2]                 ; 79      ;
; human_col[4]                 ; 76      ;
; knife[5][9]                  ; 72      ;
; human_col[3]                 ; 72      ;
; Equal494~1                   ; 42      ;
; drop_random:M2|D123456789[9] ; 37      ;
; LFSR_5bit:M1|D123456789[5]   ; 36      ;
; Equal0~2                     ; 36      ;
; LFSR_5bit:M1|D123456789[7]   ; 35      ;
; drop_random:M2|D123456789[1] ; 35      ;
; knife[13][9]                 ; 35      ;
; drop_random:M2|D123456789[3] ; 34      ;
; Equal489~2                   ; 33      ;
; Equal490~1                   ; 33      ;
; Equal482~3                   ; 33      ;
; Equal486~0                   ; 33      ;
; Equal485~4                   ; 33      ;
; Equal481~1                   ; 33      ;
; Equal484~0                   ; 33      ;
; Equal487~2                   ; 33      ;
; Equal488~0                   ; 33      ;
; screen_col~52064             ; 32      ;
; screen_col~52063             ; 32      ;
; screen_col~52062             ; 32      ;
; screen_col~52061             ; 32      ;
; screen_col~52060             ; 32      ;
; screen_col~52059             ; 32      ;
; screen_col~52058             ; 32      ;
+------------------------------+---------+


+--------------------------------------------------------------------+
; Fitter Device Options                                              ;
+----------------------------------------------+---------------------+
; Option                                       ; Setting             ;
+----------------------------------------------+---------------------+
; Enable user-supplied start-up clock (CLKUSR) ; Off                 ;
; Enable device-wide reset (DEV_CLRn)          ; Off                 ;
; Enable device-wide output enable (DEV_OE)    ; Off                 ;
; Enable INIT_DONE output                      ; Off                 ;
; Configuration scheme                         ; Active Serial       ;
; Error detection CRC                          ; Off                 ;
; ASDO,nCSO                                    ; As input tri-stated ;
; Reserve all unused pins                      ; As input tri-stated ;
; Base pin-out file on sameframe device        ; Off                 ;
+----------------------------------------------+---------------------+


+----------------------------+
; Advanced Data - General    ;
+--------------------+-------+
; Name               ; Value ;
+--------------------+-------+
; Status Code        ; 0     ;
; Desired User Slack ; 24    ;
; Fit Attempts       ; 1     ;
; Status Code        ; 0     ;
; Desired User Slack ; 24    ;
; Fit Attempts       ; 1     ;
; Status Code        ; 0     ;
; Desired User Slack ; 4     ;
; Fit Attempts       ; 1     ;
+--------------------+-------+


+---------------------------------------------+
; Advanced Data - Placement Preparation       ;
+-------------------------------------+-------+
; Name                                ; Value ;
+-------------------------------------+-------+
; Time - Fit Attempt 1                ; 0     ;
; Time in tsm_tan.dll - Fit Attempt 1 ; 0.094 ;
; Time - Fit Attempt 1                ; 0     ;
; Time in tsm_tan.dll - Fit Attempt 1 ; 0.063 ;
; Time - Fit Attempt 1                ; 0     ;
; Time in tsm_tan.dll - Fit Attempt 1 ; 0.063 ;
+-------------------------------------+-------+


+-----------------+
; Fitter Messages ;
+-----------------+
Info: *******************************************************************
Info: Running Quartus II Fitter
    Info: Version 9.0 Build 132 02/25/2009 SJ Web Edition
    Info: Processing started: Mon Nov 30 18:21:28 2020
Info: Command: quartus_fit --read_settings_files=off --write_settings_files=off Verilog_Final -c Verilog_Final
Info: Selected device EP1C6Q240C8 for design "Verilog_Final"
Info: Fitter is performing an Auto Fit compilation, which may decrease Fitter effort to reduce compilation time
Warning: Feature LogicLock is not available with your current license
Info: Device migration not selected. If you intend to use device migration later, you may need to change the pin assignments as they may be incompatible with other devices
    Info: Device EP1C12Q240C8 is compatible
Info: Fitter converted 2 user pins into dedicated programming pins
    Info: Pin ~nCSO~ is reserved at location 24
    Info: Pin ~ASDO~ is reserved at location 37
Warning: No exact pin location assignment(s) for 15 pins of 67 total pins
    Info: Pin out[0] not assigned to an exact location on the device
    Info: Pin out[1] not assigned to an exact location on the device
    Info: Pin out[2] not assigned to an exact location on the device
    Info: Pin out[3] not assigned to an exact location on the device
    Info: Pin out[4] not assigned to an exact location on the device
    Info: Pin out[5] not assigned to an exact location on the device
    Info: Pin out[6] not assigned to an exact location on the device
    Info: Pin out[7] not assigned to an exact location on the device
    Info: Pin out[8] not assigned to an exact location on the device
    Info: Pin out[9] not assigned to an exact location on the device
    Info: Pin out[10] not assigned to an exact location on the device
    Info: Pin state[0] not assigned to an exact location on the device
    Info: Pin state[1] not assigned to an exact location on the device
    Info: Pin state[2] not assigned to an exact location on the device
    Info: Pin state[3] not assigned to an exact location on the device
Info: Fitter is using the Classic Timing Analyzer
Info: Timing requirements not specified -- quality metrics such as performance and power consumption may be sacrificed to reduce compilation time.
Extra Info: Performing register packing on registers with non-logic cell location assignments
Extra Info: Completed register packing on registers with non-logic cell location assignments
Info: Completed User Assigned Global Signals Promotion Operation
Info: DQS I/O pins require 0 global routing resources
Info: Automatically promoted signal "clk" to use Global clock in PIN 28
Info: Automatically promoted signal "WideNor0~7" to use Global clock
Info: Completed Auto Global Promotion Operation
Info: Starting register packing
Extra Info: Started Fast Input/Output/OE register processing
Extra Info: Finished Fast Input/Output/OE register processing
Info: Fitter is using Normal packing mode for logic elements with Auto setting for Auto Packed Registers logic option
Extra Info: Moving registers into I/O cells, LUTs, and RAM blocks to improve timing and density
Info: Finished moving registers into I/O cells, LUTs, and RAM blocks
Info: Finished register packing
Info: Statistics of I/O pins that need to be placed that use the same VCCIO and VREF, before I/O pin placement
    Info: Number of I/O pins in group: 15 (unused VREF, 3.3V VCCIO, 0 input, 15 output, 0 bidirectional)
        Info: I/O standards used: 3.3-V LVCMOS.
Info: I/O bank details before I/O pin placement
    Info: Statistics of I/O banks
        Info: I/O bank number 1 does not use VREF pins and has 3.3V VCCIO pins. 35 total pin(s) used --  9 pins available
        Info: I/O bank number 2 does not use VREF pins and has 3.3V VCCIO pins. 9 total pin(s) used --  39 pins available
        Info: I/O bank number 3 does not use VREF pins and has undetermined VCCIO pins. 0 total pin(s) used --  45 pins available
        Info: I/O bank number 4 does not use VREF pins and has 3.3V VCCIO pins. 10 total pin(s) used --  38 pins available
Info: Fitter preparation operations ending: elapsed time is 00:00:01
Info: Fitter placement preparation operations beginning
Info: Fitter placement preparation operations ending: elapsed time is 00:00:00
Info: Fitter cannot place all nodes on current device -- Fitter will automatically make another fitting attempt and tightly pack logic elements
Info: Starting register packing
Extra Info: Started Fast Input/Output/OE register processing
Extra Info: Finished Fast Input/Output/OE register processing
Info: Fitter is using Minimize Area packing mode for logic elements with Auto setting for Auto Packed Registers logic option
Info: Finished moving registers into I/O cells, LUTs, and RAM blocks
Info: Finished register packing
Info: Fitter preparation operations ending: elapsed time is 00:00:00
Info: Fitter placement preparation operations beginning
Info: Fitter placement preparation operations ending: elapsed time is 00:00:00
Info: Fitter cannot place all nodes on current device -- Fitter will automatically make another fitting attempt and tightly pack logic elements
Info: Starting register packing
Extra Info: Started Fast Input/Output/OE register processing
Extra Info: Finished Fast Input/Output/OE register processing
Info: Fitter is using Minimize Area with Chains packing mode for logic elements with Auto setting for Auto Packed Registers logic option
Info: Finished moving registers into I/O cells, LUTs, and RAM blocks
Info: Finished register packing
Info: Fitter preparation operations ending: elapsed time is 00:00:00
Info: Fitter placement preparation operations beginning
Error: Design contains 8829 blocks of type logic cell.  However, device contains only 5980.
Info: Fitter placement preparation operations ending: elapsed time is 00:00:00
Error: Can't fit design in device
Warning: Following 3 pins have nothing, GND, or VCC driving datain port -- changes to this connectivity may change fitting results
    Info: Pin state[1] has GND driving its datain port
    Info: Pin state[2] has GND driving its datain port
    Info: Pin state[3] has GND driving its datain port
Error: Quartus II Fitter was unsuccessful. 2 errors, 3 warnings
    Error: Peak virtual memory: 283 megabytes
    Error: Processing ended: Mon Nov 30 18:21:31 2020
    Error: Elapsed time: 00:00:03
    Error: Total CPU time (on all processors): 00:00:03


