Analysis & Synthesis report for Verilog_Final
Sun Dec 06 14:59:10 2020
Quartus II Version 9.0 Build 132 02/25/2009 SJ Web Edition


---------------------
; Table of Contents ;
---------------------
  1. Legal Notice
  2. Analysis & Synthesis Summary
  3. Analysis & Synthesis Settings
  4. Analysis & Synthesis Source Files Read
  5. Analysis & Synthesis Resource Usage Summary
  6. Analysis & Synthesis Resource Utilization by Entity
  7. State Machine - |Verilog_Final|screen_state
  8. User-Specified and Inferred Latches
  9. Registers Removed During Synthesis
 10. General Register Statistics
 11. Inverted Register Statistics
 12. Multiplexer Restructuring Statistics (Restructuring Performed)
 13. Parameter Settings for User Entity Instance: Top-level Entity: |Verilog_Final
 14. Port Connectivity Checks: "drop_random:M2"
 15. Analysis & Synthesis Messages
 16. Analysis & Synthesis Suppressed Messages



----------------
; Legal Notice ;
----------------
Copyright (C) 1991-2009 Altera Corporation
Your use of Altera Corporation's design tools, logic functions 
and other software and tools, and its AMPP partner logic 
functions, and any output files from any of the foregoing 
(including device programming or simulation files), and any 
associated documentation or information are expressly subject 
to the terms and conditions of the Altera Program License 
Subscription Agreement, Altera MegaCore Function License 
Agreement, or other applicable license agreement, including, 
without limitation, that your use is for the sole purpose of 
programming logic devices manufactured by Altera and sold by 
Altera or its authorized distributors.  Please refer to the 
applicable agreement for further details.



+-----------------------------------------------------------------------+
; Analysis & Synthesis Summary                                          ;
+-----------------------------+-----------------------------------------+
; Analysis & Synthesis Status ; Successful - Sun Dec 06 14:59:10 2020   ;
; Quartus II Version          ; 9.0 Build 132 02/25/2009 SJ Web Edition ;
; Revision Name               ; Verilog_Final                           ;
; Top-level Entity Name       ; Verilog_Final                           ;
; Family                      ; Cyclone                                 ;
; Total logic elements        ; 2,363                                   ;
; Total pins                  ; 56                                      ;
; Total virtual pins          ; 0                                       ;
; Total memory bits           ; 0                                       ;
; Total PLLs                  ; 0                                       ;
+-----------------------------+-----------------------------------------+


+----------------------------------------------------------------------------------------------------------+
; Analysis & Synthesis Settings                                                                            ;
+----------------------------------------------------------------+--------------------+--------------------+
; Option                                                         ; Setting            ; Default Value      ;
+----------------------------------------------------------------+--------------------+--------------------+
; Device                                                         ; EP1C6Q240C8        ;                    ;
; Top-level entity name                                          ; Verilog_Final      ; Verilog_Final      ;
; Family name                                                    ; Cyclone            ; Stratix II         ;
; Use Generated Physical Constraints File                        ; Off                ;                    ;
; Use smart compilation                                          ; Off                ; Off                ;
; Restructure Multiplexers                                       ; Auto               ; Auto               ;
; Create Debugging Nodes for IP Cores                            ; Off                ; Off                ;
; Preserve fewer node names                                      ; On                 ; On                 ;
; Disable OpenCore Plus hardware evaluation                      ; Off                ; Off                ;
; Verilog Version                                                ; Verilog_2001       ; Verilog_2001       ;
; VHDL Version                                                   ; VHDL93             ; VHDL93             ;
; State Machine Processing                                       ; Auto               ; Auto               ;
; Safe State Machine                                             ; Off                ; Off                ;
; Extract Verilog State Machines                                 ; On                 ; On                 ;
; Extract VHDL State Machines                                    ; On                 ; On                 ;
; Ignore Verilog initial constructs                              ; Off                ; Off                ;
; Iteration limit for constant Verilog loops                     ; 5000               ; 5000               ;
; Iteration limit for non-constant Verilog loops                 ; 250                ; 250                ;
; Add Pass-Through Logic to Inferred RAMs                        ; On                 ; On                 ;
; Parallel Synthesis                                             ; Off                ; Off                ;
; NOT Gate Push-Back                                             ; On                 ; On                 ;
; Power-Up Don't Care                                            ; On                 ; On                 ;
; Remove Redundant Logic Cells                                   ; Off                ; Off                ;
; Remove Duplicate Registers                                     ; On                 ; On                 ;
; Ignore CARRY Buffers                                           ; Off                ; Off                ;
; Ignore CASCADE Buffers                                         ; Off                ; Off                ;
; Ignore GLOBAL Buffers                                          ; Off                ; Off                ;
; Ignore ROW GLOBAL Buffers                                      ; Off                ; Off                ;
; Ignore LCELL Buffers                                           ; Off                ; Off                ;
; Ignore SOFT Buffers                                            ; On                 ; On                 ;
; Limit AHDL Integers to 32 Bits                                 ; Off                ; Off                ;
; Optimization Technique                                         ; Balanced           ; Balanced           ;
; Carry Chain Length                                             ; 70                 ; 70                 ;
; Auto Carry Chains                                              ; On                 ; On                 ;
; Auto Open-Drain Pins                                           ; On                 ; On                 ;
; Perform WYSIWYG Primitive Resynthesis                          ; Off                ; Off                ;
; Auto ROM Replacement                                           ; On                 ; On                 ;
; Auto RAM Replacement                                           ; On                 ; On                 ;
; Auto Shift Register Replacement                                ; Auto               ; Auto               ;
; Auto Clock Enable Replacement                                  ; On                 ; On                 ;
; Strict RAM Replacement                                         ; Off                ; Off                ;
; Allow Synchronous Control Signals                              ; On                 ; On                 ;
; Force Use of Synchronous Clear Signals                         ; Off                ; Off                ;
; Auto RAM Block Balancing                                       ; On                 ; On                 ;
; Auto RAM to Logic Cell Conversion                              ; Off                ; Off                ;
; Auto Resource Sharing                                          ; Off                ; Off                ;
; Allow Any RAM Size For Recognition                             ; Off                ; Off                ;
; Allow Any ROM Size For Recognition                             ; Off                ; Off                ;
; Allow Any Shift Register Size For Recognition                  ; Off                ; Off                ;
; Use LogicLock Constraints during Resource Balancing            ; On                 ; On                 ;
; Ignore translate_off and synthesis_off directives              ; Off                ; Off                ;
; Show Parameter Settings Tables in Synthesis Report             ; On                 ; On                 ;
; Ignore Maximum Fan-Out Assignments                             ; Off                ; Off                ;
; Synchronization Register Chain Length                          ; 2                  ; 2                  ;
; PowerPlay Power Optimization                                   ; Normal compilation ; Normal compilation ;
; HDL message level                                              ; Level2             ; Level2             ;
; Suppress Register Optimization Related Messages                ; Off                ; Off                ;
; Number of Removed Registers Reported in Synthesis Report       ; 100                ; 100                ;
; Number of Inverted Registers Reported in Synthesis Report      ; 100                ; 100                ;
; Clock MUX Protection                                           ; On                 ; On                 ;
; Block Design Naming                                            ; Auto               ; Auto               ;
; Synthesis Effort                                               ; Auto               ; Auto               ;
; Allows Asynchronous Clear Usage For Shift Register Replacement ; On                 ; On                 ;
; Analysis & Synthesis Message Level                             ; Medium             ; Medium             ;
+----------------------------------------------------------------+--------------------+--------------------+


+----------------------------------------------------------------------------------------------------------------------------------------------------------+
; Analysis & Synthesis Source Files Read                                                                                                                   ;
+----------------------------------+-----------------+------------------------------+----------------------------------------------------------------------+
; File Name with User-Entered Path ; Used in Netlist ; File Type                    ; File Name with Absolute Path                                         ;
+----------------------------------+-----------------+------------------------------+----------------------------------------------------------------------+
; Verilog_Final.v                  ; yes             ; User Verilog HDL File        ; C:/Users/sam/Documents/Verilog/Verilog_Fianl_Project/Verilog_Final.v ;
; LFSR_5bit.v                      ; yes             ; Auto-Found Verilog HDL File  ; C:/Users/sam/Documents/Verilog/Verilog_Fianl_Project/LFSR_5bit.v     ;
; drop_random.v                    ; yes             ; Auto-Found Verilog HDL File  ; C:/Users/sam/Documents/Verilog/Verilog_Fianl_Project/drop_random.v   ;
+----------------------------------+-----------------+------------------------------+----------------------------------------------------------------------+


+-----------------------------------------------------+
; Analysis & Synthesis Resource Usage Summary         ;
+---------------------------------------------+-------+
; Resource                                    ; Usage ;
+---------------------------------------------+-------+
; Total logic elements                        ; 2363  ;
;     -- Combinational with no register       ; 2157  ;
;     -- Register only                        ; 27    ;
;     -- Combinational with a register        ; 179   ;
;                                             ;       ;
; Logic element usage by number of LUT inputs ;       ;
;     -- 4 input functions                    ; 1659  ;
;     -- 3 input functions                    ; 426   ;
;     -- 2 input functions                    ; 244   ;
;     -- 1 input functions                    ; 7     ;
;     -- 0 input functions                    ; 0     ;
;                                             ;       ;
; Logic elements by mode                      ;       ;
;     -- normal mode                          ; 2320  ;
;     -- arithmetic mode                      ; 43    ;
;     -- qfbk mode                            ; 0     ;
;     -- register cascade mode                ; 0     ;
;     -- synchronous clear/load mode          ; 10    ;
;     -- asynchronous clear/load mode         ; 0     ;
;                                             ;       ;
; Total registers                             ; 206   ;
; Total logic cells in carry chains           ; 47    ;
; I/O pins                                    ; 56    ;
; Maximum fan-out node                        ; clk   ;
; Maximum fan-out                             ; 206   ;
; Total fan-out                               ; 8862  ;
; Average fan-out                             ; 3.66  ;
+---------------------------------------------+-------+


+---------------------------------------------------------------------------------------------------------------------------------------------------------------------------------------------------------------------------------+
; Analysis & Synthesis Resource Utilization by Entity                                                                                                                                                                             ;
+----------------------------+-------------+--------------+-------------+------+--------------+--------------+-------------------+------------------+-----------------+------------+-------------------------------+--------------+
; Compilation Hierarchy Node ; Logic Cells ; LC Registers ; Memory Bits ; Pins ; Virtual Pins ; LUT-Only LCs ; Register-Only LCs ; LUT/Register LCs ; Carry Chain LCs ; Packed LCs ; Full Hierarchy Name           ; Library Name ;
+----------------------------+-------------+--------------+-------------+------+--------------+--------------+-------------------+------------------+-----------------+------------+-------------------------------+--------------+
; |Verilog_Final             ; 2363 (2352) ; 206          ; 0           ; 56   ; 0            ; 2157 (2156)  ; 27 (19)           ; 179 (177)        ; 47 (47)         ; 0 (0)      ; |Verilog_Final                ; work         ;
;    |LFSR_5bit:M1|          ; 7 (7)       ; 7            ; 0           ; 0    ; 0            ; 0 (0)        ; 6 (6)             ; 1 (1)            ; 0 (0)           ; 0 (0)      ; |Verilog_Final|LFSR_5bit:M1   ; work         ;
;    |drop_random:M2|        ; 4 (4)       ; 3            ; 0           ; 0    ; 0            ; 1 (1)        ; 2 (2)             ; 1 (1)            ; 0 (0)           ; 0 (0)      ; |Verilog_Final|drop_random:M2 ; work         ;
+----------------------------+-------------+--------------+-------------+------+--------------+--------------+-------------------+------------------+-----------------+------------+-------------------------------+--------------+
Note: For table entries with two numbers listed, the numbers in parentheses indicate the number of resources of the given type used by the specific entity alone. The numbers listed outside of parentheses indicate the total resources of the given type used by the specific entity and all of its sub-entities in the hierarchy.


Encoding Type:  One-Hot
+---------------------------------------------------------------------------------------------------+
; State Machine - |Verilog_Final|screen_state                                                       ;
+-------------------+-------------------+-------------------+-------------------+-------------------+
; Name              ; screen_state.0011 ; screen_state.0010 ; screen_state.0001 ; screen_state.0000 ;
+-------------------+-------------------+-------------------+-------------------+-------------------+
; screen_state.0000 ; 0                 ; 0                 ; 0                 ; 0                 ;
; screen_state.0001 ; 0                 ; 0                 ; 1                 ; 1                 ;
; screen_state.0010 ; 0                 ; 1                 ; 0                 ; 1                 ;
; screen_state.0011 ; 1                 ; 0                 ; 0                 ; 1                 ;
+-------------------+-------------------+-------------------+-------------------+-------------------+


+----------------------------------------------------------------------------------------------------+
; User-Specified and Inferred Latches                                                                ;
+-----------------------------------------------------+---------------------+------------------------+
; Latch Name                                          ; Latch Enable Signal ; Free of Timing Hazards ;
+-----------------------------------------------------+---------------------+------------------------+
; screen_col[0]$latch                                 ; Selector302         ; yes                    ;
; screen_col[1]$latch                                 ; Selector302         ; yes                    ;
; screen_col[2]$latch                                 ; Selector302         ; yes                    ;
; screen_col[3]$latch                                 ; Selector302         ; yes                    ;
; screen_col[4]$latch                                 ; Selector302         ; yes                    ;
; screen_col[5]$latch                                 ; Selector302         ; yes                    ;
; screen_col[6]$latch                                 ; Selector302         ; yes                    ;
; screen_col[7]$latch                                 ; Selector302         ; yes                    ;
; screen_col[8]$latch                                 ; Selector302         ; yes                    ;
; screen_col[9]$latch                                 ; Selector302         ; yes                    ;
; screen_col[10]$latch                                ; Selector302         ; yes                    ;
; screen_col[11]$latch                                ; Selector302         ; yes                    ;
; screen_col[12]$latch                                ; Selector302         ; yes                    ;
; screen_col[13]$latch                                ; Selector302         ; yes                    ;
; screen_col[14]$latch                                ; Selector302         ; yes                    ;
; screen_col[15]$latch                                ; Selector302         ; yes                    ;
; screen_col[16]$latch                                ; Selector302         ; yes                    ;
; screen_col[17]$latch                                ; Selector302         ; yes                    ;
; screen_col[18]$latch                                ; Selector302         ; yes                    ;
; screen_col[19]$latch                                ; Selector302         ; yes                    ;
; screen_col[20]$latch                                ; Selector302         ; yes                    ;
; screen_col[21]$latch                                ; Selector302         ; yes                    ;
; screen_col[22]$latch                                ; Selector302         ; yes                    ;
; screen_col[23]$latch                                ; Selector302         ; yes                    ;
; screen_col[24]$latch                                ; Selector302         ; yes                    ;
; screen_col[25]$latch                                ; Selector302         ; yes                    ;
; screen_col[26]$latch                                ; Selector302         ; yes                    ;
; screen_col[27]$latch                                ; Selector302         ; yes                    ;
; screen_col[28]$latch                                ; Selector302         ; yes                    ;
; screen_col[29]$latch                                ; Selector302         ; yes                    ;
; screen_col[30]$latch                                ; Selector302         ; yes                    ;
; screen_col[31]$latch                                ; Selector302         ; yes                    ;
; Number of user-specified and inferred latches = 32  ;                     ;                        ;
+-----------------------------------------------------+---------------------+------------------------+
Note: All latches listed above may not be present at the end of synthesis due to various synthesis optimizations.


+-----------------------------------------------------------------------------------+
; Registers Removed During Synthesis                                                ;
+----------------------------------------+------------------------------------------+
; Register name                          ; Reason for Removal                       ;
+----------------------------------------+------------------------------------------+
; drop_random:M2|D123456789[0,2,4..8]    ; Lost fanout                              ;
; LFSR_5bit:M1|D123456789[9]             ; Merged with drop_random:M2|D123456789[9] ;
; LFSR_5bit:M1|D123456789[3]             ; Merged with drop_random:M2|D123456789[3] ;
; LFSR_5bit:M1|D123456789[1]             ; Merged with drop_random:M2|D123456789[1] ;
; knife[0][9]                            ; Stuck at VCC due to stuck port data_in   ;
; knife[0][8]                            ; Stuck at VCC due to stuck port data_in   ;
; knife[0][5]                            ; Stuck at VCC due to stuck port data_in   ;
; knife[1][9]                            ; Stuck at VCC due to stuck port data_in   ;
; knife[1][8]                            ; Stuck at VCC due to stuck port data_in   ;
; knife[1][5]                            ; Stuck at VCC due to stuck port data_in   ;
; knife[2][9]                            ; Stuck at VCC due to stuck port data_in   ;
; knife[2][8]                            ; Stuck at VCC due to stuck port data_in   ;
; knife[2][5]                            ; Stuck at VCC due to stuck port data_in   ;
; knife[3][9]                            ; Stuck at VCC due to stuck port data_in   ;
; knife[3][8]                            ; Stuck at VCC due to stuck port data_in   ;
; knife[3][5]                            ; Stuck at VCC due to stuck port data_in   ;
; knife[4][9]                            ; Stuck at VCC due to stuck port data_in   ;
; knife[4][8]                            ; Stuck at VCC due to stuck port data_in   ;
; knife[4][5]                            ; Stuck at VCC due to stuck port data_in   ;
; knife[5][9]                            ; Stuck at VCC due to stuck port data_in   ;
; knife[5][8]                            ; Stuck at VCC due to stuck port data_in   ;
; knife[5][5]                            ; Stuck at VCC due to stuck port data_in   ;
; knife[6][9]                            ; Stuck at VCC due to stuck port data_in   ;
; knife[6][8]                            ; Stuck at VCC due to stuck port data_in   ;
; knife[6][5]                            ; Stuck at VCC due to stuck port data_in   ;
; knife[7][9]                            ; Stuck at VCC due to stuck port data_in   ;
; knife[7][8]                            ; Stuck at VCC due to stuck port data_in   ;
; knife[7][5]                            ; Stuck at VCC due to stuck port data_in   ;
; knife[8][9]                            ; Stuck at VCC due to stuck port data_in   ;
; knife[8][8]                            ; Stuck at VCC due to stuck port data_in   ;
; knife[8][5]                            ; Stuck at VCC due to stuck port data_in   ;
; knife[9][9]                            ; Stuck at VCC due to stuck port data_in   ;
; knife[9][8]                            ; Stuck at VCC due to stuck port data_in   ;
; knife[9][5]                            ; Stuck at VCC due to stuck port data_in   ;
; knife[10][9]                           ; Stuck at VCC due to stuck port data_in   ;
; knife[10][8]                           ; Stuck at VCC due to stuck port data_in   ;
; knife[10][5]                           ; Stuck at VCC due to stuck port data_in   ;
; knife[11][9]                           ; Stuck at VCC due to stuck port data_in   ;
; knife[11][8]                           ; Stuck at VCC due to stuck port data_in   ;
; knife[11][5]                           ; Stuck at VCC due to stuck port data_in   ;
; knife[12][9]                           ; Stuck at VCC due to stuck port data_in   ;
; knife[12][8]                           ; Stuck at VCC due to stuck port data_in   ;
; knife[12][5]                           ; Stuck at VCC due to stuck port data_in   ;
; knife[13][9]                           ; Stuck at VCC due to stuck port data_in   ;
; knife[13][8]                           ; Stuck at VCC due to stuck port data_in   ;
; knife[13][5]                           ; Stuck at VCC due to stuck port data_in   ;
; knife[14][9]                           ; Stuck at VCC due to stuck port data_in   ;
; knife[14][8]                           ; Stuck at VCC due to stuck port data_in   ;
; knife[14][5]                           ; Stuck at VCC due to stuck port data_in   ;
; knife[15][9]                           ; Stuck at VCC due to stuck port data_in   ;
; knife[15][8]                           ; Stuck at VCC due to stuck port data_in   ;
; knife[15][5]                           ; Stuck at VCC due to stuck port data_in   ;
; screen_state~405                       ; Lost fanout                              ;
; screen_state~406                       ; Lost fanout                              ;
; screen_state~407                       ; Lost fanout                              ;
; screen_state~408                       ; Lost fanout                              ;
; Total Number of Removed Registers = 62 ;                                          ;
+----------------------------------------+------------------------------------------+


+------------------------------------------------------+
; General Register Statistics                          ;
+----------------------------------------------+-------+
; Statistic                                    ; Value ;
+----------------------------------------------+-------+
; Total registers                              ; 206   ;
; Number of registers using Synchronous Clear  ; 10    ;
; Number of registers using Synchronous Load   ; 0     ;
; Number of registers using Asynchronous Clear ; 0     ;
; Number of registers using Asynchronous Load  ; 0     ;
; Number of registers using Clock Enable       ; 160   ;
; Number of registers using Preset             ; 0     ;
+----------------------------------------------+-------+


+-----------------------------------------------------+
; Inverted Register Statistics                        ;
+-------------------------------------------+---------+
; Inverted Register                         ; Fan out ;
+-------------------------------------------+---------+
; screen_row[0]~reg0                        ; 5       ;
; knife[8][6]                               ; 18      ;
; knife[8][7]                               ; 19      ;
; knife[8][4]                               ; 9       ;
; knife[8][3]                               ; 10      ;
; knife[8][1]                               ; 23      ;
; knife[8][0]                               ; 23      ;
; knife[8][2]                               ; 19      ;
; knife[1][6]                               ; 17      ;
; knife[1][7]                               ; 17      ;
; knife[1][4]                               ; 8       ;
; knife[1][3]                               ; 8       ;
; knife[1][1]                               ; 28      ;
; knife[1][0]                               ; 27      ;
; knife[1][2]                               ; 18      ;
; knife[11][6]                              ; 12      ;
; knife[11][7]                              ; 14      ;
; knife[11][4]                              ; 10      ;
; knife[11][3]                              ; 9       ;
; knife[11][1]                              ; 23      ;
; knife[11][0]                              ; 23      ;
; knife[11][2]                              ; 18      ;
; knife[5][6]                               ; 11      ;
; knife[5][7]                               ; 10      ;
; knife[5][4]                               ; 11      ;
; knife[5][3]                               ; 10      ;
; knife[5][1]                               ; 23      ;
; knife[5][0]                               ; 23      ;
; knife[5][2]                               ; 19      ;
; knife[13][6]                              ; 21      ;
; knife[13][7]                              ; 23      ;
; knife[13][4]                              ; 9       ;
; knife[13][3]                              ; 10      ;
; knife[13][1]                              ; 24      ;
; knife[13][0]                              ; 24      ;
; knife[13][2]                              ; 17      ;
; knife[15][6]                              ; 16      ;
; knife[15][7]                              ; 16      ;
; knife[15][4]                              ; 8       ;
; knife[15][3]                              ; 8       ;
; knife[15][1]                              ; 24      ;
; knife[15][0]                              ; 24      ;
; knife[15][2]                              ; 18      ;
; knife[9][6]                               ; 22      ;
; knife[9][7]                               ; 22      ;
; knife[9][4]                               ; 9       ;
; knife[9][3]                               ; 8       ;
; knife[9][1]                               ; 24      ;
; knife[9][0]                               ; 24      ;
; knife[9][2]                               ; 19      ;
; knife[7][6]                               ; 24      ;
; knife[7][7]                               ; 25      ;
; knife[7][4]                               ; 9       ;
; knife[7][3]                               ; 9       ;
; knife[7][1]                               ; 23      ;
; knife[7][0]                               ; 24      ;
; knife[7][2]                               ; 19      ;
; knife[2][6]                               ; 25      ;
; knife[2][7]                               ; 25      ;
; knife[2][4]                               ; 10      ;
; knife[2][3]                               ; 9       ;
; knife[2][1]                               ; 24      ;
; knife[2][0]                               ; 23      ;
; knife[2][2]                               ; 19      ;
; knife[12][6]                              ; 21      ;
; knife[12][7]                              ; 22      ;
; knife[12][4]                              ; 10      ;
; knife[12][3]                              ; 11      ;
; knife[12][1]                              ; 25      ;
; knife[12][0]                              ; 25      ;
; knife[12][2]                              ; 18      ;
; knife[14][6]                              ; 27      ;
; knife[14][7]                              ; 27      ;
; knife[14][4]                              ; 8       ;
; knife[14][3]                              ; 8       ;
; knife[14][1]                              ; 24      ;
; knife[14][0]                              ; 25      ;
; knife[14][2]                              ; 18      ;
; knife[3][6]                               ; 28      ;
; knife[3][7]                               ; 29      ;
; knife[3][4]                               ; 12      ;
; knife[3][3]                               ; 11      ;
; knife[3][1]                               ; 25      ;
; knife[3][0]                               ; 25      ;
; knife[3][2]                               ; 17      ;
; knife[10][6]                              ; 15      ;
; knife[10][7]                              ; 16      ;
; knife[10][4]                              ; 10      ;
; knife[10][3]                              ; 10      ;
; knife[10][1]                              ; 24      ;
; knife[10][0]                              ; 24      ;
; knife[10][2]                              ; 19      ;
; knife[6][6]                               ; 18      ;
; knife[6][7]                               ; 18      ;
; knife[6][4]                               ; 11      ;
; knife[6][3]                               ; 10      ;
; knife[6][1]                               ; 24      ;
; knife[6][0]                               ; 23      ;
; knife[6][2]                               ; 19      ;
; knife[0][6]                               ; 20      ;
; Total number of inverted registers = 130* ;         ;
+-------------------------------------------+---------+
* Table truncated at 100 items. To change the number of inverted registers reported, set the "Number of Inverted Registers Reported" option under Assignments->Settings->Analysis and Synthesis Settings->More Settings


+-----------------------------------------------------------------------------------------------------------------------------------------------+
; Multiplexer Restructuring Statistics (Restructuring Performed)                                                                                ;
+--------------------+-----------+---------------+----------------------+------------------------+------------+---------------------------------+
; Multiplexer Inputs ; Bus Width ; Baseline Area ; Area if Restructured ; Saving if Restructured ; Registered ; Example Multiplexer Output      ;
+--------------------+-----------+---------------+----------------------+------------------------+------------+---------------------------------+
; 3:1                ; 16 bits   ; 32 LEs        ; 16 LEs               ; 16 LEs                 ; Yes        ; |Verilog_Final|za_warudo_t[9]   ;
; 5:1                ; 10 bits   ; 30 LEs        ; 10 LEs               ; 20 LEs                 ; Yes        ; |Verilog_Final|timer[8]         ;
; 6:1                ; 16 bits   ; 64 LEs        ; 16 LEs               ; 48 LEs                 ; Yes        ; |Verilog_Final|game_t[10]       ;
; 6:1                ; 10 bits   ; 40 LEs        ; 20 LEs               ; 20 LEs                 ; Yes        ; |Verilog_Final|knife[0][8]      ;
; 6:1                ; 10 bits   ; 40 LEs        ; 20 LEs               ; 20 LEs                 ; Yes        ; |Verilog_Final|knife[1][0]      ;
; 6:1                ; 10 bits   ; 40 LEs        ; 20 LEs               ; 20 LEs                 ; Yes        ; |Verilog_Final|knife[2][9]      ;
; 6:1                ; 10 bits   ; 40 LEs        ; 20 LEs               ; 20 LEs                 ; Yes        ; |Verilog_Final|knife[3][9]      ;
; 6:1                ; 10 bits   ; 40 LEs        ; 20 LEs               ; 20 LEs                 ; Yes        ; |Verilog_Final|knife[4][0]      ;
; 6:1                ; 10 bits   ; 40 LEs        ; 20 LEs               ; 20 LEs                 ; Yes        ; |Verilog_Final|knife[5][7]      ;
; 6:1                ; 10 bits   ; 40 LEs        ; 20 LEs               ; 20 LEs                 ; Yes        ; |Verilog_Final|knife[6][9]      ;
; 6:1                ; 10 bits   ; 40 LEs        ; 20 LEs               ; 20 LEs                 ; Yes        ; |Verilog_Final|knife[7][1]      ;
; 6:1                ; 10 bits   ; 40 LEs        ; 20 LEs               ; 20 LEs                 ; Yes        ; |Verilog_Final|knife[8][0]      ;
; 6:1                ; 10 bits   ; 40 LEs        ; 20 LEs               ; 20 LEs                 ; Yes        ; |Verilog_Final|knife[9][4]      ;
; 6:1                ; 10 bits   ; 40 LEs        ; 20 LEs               ; 20 LEs                 ; Yes        ; |Verilog_Final|knife[10][6]     ;
; 6:1                ; 10 bits   ; 40 LEs        ; 20 LEs               ; 20 LEs                 ; Yes        ; |Verilog_Final|knife[11][6]     ;
; 6:1                ; 10 bits   ; 40 LEs        ; 20 LEs               ; 20 LEs                 ; Yes        ; |Verilog_Final|knife[12][2]     ;
; 6:1                ; 10 bits   ; 40 LEs        ; 20 LEs               ; 20 LEs                 ; Yes        ; |Verilog_Final|knife[13][0]     ;
; 6:1                ; 10 bits   ; 40 LEs        ; 20 LEs               ; 20 LEs                 ; Yes        ; |Verilog_Final|knife[14][0]     ;
; 6:1                ; 10 bits   ; 40 LEs        ; 20 LEs               ; 20 LEs                 ; Yes        ; |Verilog_Final|knife[15][5]     ;
; 3:1                ; 6 bits    ; 12 LEs        ; 6 LEs                ; 6 LEs                  ; No         ; |Verilog_Final|knife~1667       ;
; 3:1                ; 5 bits    ; 10 LEs        ; 5 LEs                ; 5 LEs                  ; No         ; |Verilog_Final|knife~1664       ;
; 4:1                ; 6 bits    ; 12 LEs        ; 6 LEs                ; 6 LEs                  ; No         ; |Verilog_Final|knife~1658       ;
; 4:1                ; 5 bits    ; 10 LEs        ; 5 LEs                ; 5 LEs                  ; No         ; |Verilog_Final|knife~1654       ;
; 5:1                ; 6 bits    ; 18 LEs        ; 6 LEs                ; 12 LEs                 ; No         ; |Verilog_Final|knife~1649       ;
; 5:1                ; 5 bits    ; 15 LEs        ; 5 LEs                ; 10 LEs                 ; No         ; |Verilog_Final|knife~1644       ;
; 5:1                ; 5 bits    ; 15 LEs        ; 10 LEs               ; 5 LEs                  ; No         ; |Verilog_Final|human_col~18     ;
; 6:1                ; 6 bits    ; 24 LEs        ; 6 LEs                ; 18 LEs                 ; No         ; |Verilog_Final|knife~1628       ;
; 6:1                ; 5 bits    ; 20 LEs        ; 5 LEs                ; 15 LEs                 ; No         ; |Verilog_Final|knife~1632       ;
; 7:1                ; 6 bits    ; 24 LEs        ; 6 LEs                ; 18 LEs                 ; No         ; |Verilog_Final|knife~1617       ;
; 7:1                ; 5 bits    ; 20 LEs        ; 5 LEs                ; 15 LEs                 ; No         ; |Verilog_Final|knife~1618       ;
; 8:1                ; 6 bits    ; 30 LEs        ; 6 LEs                ; 24 LEs                 ; No         ; |Verilog_Final|knife~1615       ;
; 8:1                ; 5 bits    ; 25 LEs        ; 5 LEs                ; 20 LEs                 ; No         ; |Verilog_Final|knife~1611       ;
; 9:1                ; 6 bits    ; 36 LEs        ; 6 LEs                ; 30 LEs                 ; No         ; |Verilog_Final|knife~1605       ;
; 9:1                ; 5 bits    ; 30 LEs        ; 5 LEs                ; 25 LEs                 ; No         ; |Verilog_Final|knife~1600       ;
; 10:1               ; 6 bits    ; 36 LEs        ; 6 LEs                ; 30 LEs                 ; No         ; |Verilog_Final|knife~1592       ;
; 10:1               ; 5 bits    ; 30 LEs        ; 5 LEs                ; 25 LEs                 ; No         ; |Verilog_Final|knife~1585       ;
; 11:1               ; 6 bits    ; 42 LEs        ; 6 LEs                ; 36 LEs                 ; No         ; |Verilog_Final|knife~1581       ;
; 11:1               ; 5 bits    ; 35 LEs        ; 5 LEs                ; 30 LEs                 ; No         ; |Verilog_Final|knife~1578       ;
; 12:1               ; 6 bits    ; 48 LEs        ; 6 LEs                ; 42 LEs                 ; No         ; |Verilog_Final|knife~1568       ;
; 12:1               ; 5 bits    ; 40 LEs        ; 5 LEs                ; 35 LEs                 ; No         ; |Verilog_Final|knife~1563       ;
; 13:1               ; 6 bits    ; 48 LEs        ; 6 LEs                ; 42 LEs                 ; No         ; |Verilog_Final|knife~1561       ;
; 13:1               ; 5 bits    ; 40 LEs        ; 5 LEs                ; 35 LEs                 ; No         ; |Verilog_Final|knife~1554       ;
; 14:1               ; 6 bits    ; 54 LEs        ; 6 LEs                ; 48 LEs                 ; No         ; |Verilog_Final|knife~1547       ;
; 14:1               ; 5 bits    ; 45 LEs        ; 5 LEs                ; 40 LEs                 ; No         ; |Verilog_Final|knife~1545       ;
; 15:1               ; 6 bits    ; 60 LEs        ; 6 LEs                ; 54 LEs                 ; No         ; |Verilog_Final|knife~1536       ;
; 15:1               ; 5 bits    ; 50 LEs        ; 5 LEs                ; 45 LEs                 ; No         ; |Verilog_Final|knife~1533       ;
; 16:1               ; 6 bits    ; 60 LEs        ; 6 LEs                ; 54 LEs                 ; No         ; |Verilog_Final|knife~1527       ;
; 16:1               ; 5 bits    ; 50 LEs        ; 5 LEs                ; 45 LEs                 ; No         ; |Verilog_Final|knife~1521       ;
; 17:1               ; 6 bits    ; 66 LEs        ; 6 LEs                ; 60 LEs                 ; No         ; |Verilog_Final|knife~1515       ;
; 17:1               ; 5 bits    ; 55 LEs        ; 5 LEs                ; 50 LEs                 ; No         ; |Verilog_Final|knife~1512       ;
; 18:1               ; 6 bits    ; 72 LEs        ; 6 LEs                ; 66 LEs                 ; No         ; |Verilog_Final|knife~1496       ;
; 18:1               ; 5 bits    ; 60 LEs        ; 5 LEs                ; 55 LEs                 ; No         ; |Verilog_Final|knife~1500       ;
; 116:1              ; 2 bits    ; 154 LEs       ; 4 LEs                ; 150 LEs                ; No         ; |Verilog_Final|screen_state~394 ;
; 119:1              ; 2 bits    ; 158 LEs       ; 4 LEs                ; 154 LEs                ; No         ; |Verilog_Final|Selector241      ;
+--------------------+-----------+---------------+----------------------+------------------------+------------+---------------------------------+


+-------------------------------------------------------------------------------+
; Parameter Settings for User Entity Instance: Top-level Entity: |Verilog_Final ;
+----------------+-------+------------------------------------------------------+
; Parameter Name ; Value ; Type                                                 ;
+----------------+-------+------------------------------------------------------+
; knife_size     ; 16    ; Signed Integer                                       ;
+----------------+-------+------------------------------------------------------+
Note: In order to hide this table in the UI and the text report file, please set the "Show Parameter Settings Tables in Synthesis Report" option in "Analysis and Synthesis Settings -> More Settings" to "Off".


+---------------------------------------------------------------------------------------------------------------------+
; Port Connectivity Checks: "drop_random:M2"                                                                          ;
+-----------+--------+----------+-------------------------------------------------------------------------------------+
; Port      ; Type   ; Severity ; Details                                                                             ;
+-----------+--------+----------+-------------------------------------------------------------------------------------+
; normal_t  ; Output ; Info     ; Connected to dangling logic. Logic that only feeds a dangling port will be removed. ;
; extreme_t ; Output ; Info     ; Connected to dangling logic. Logic that only feeds a dangling port will be removed. ;
+-----------+--------+----------+-------------------------------------------------------------------------------------+


+-------------------------------+
; Analysis & Synthesis Messages ;
+-------------------------------+
Info: *******************************************************************
Info: Running Quartus II Analysis & Synthesis
    Info: Version 9.0 Build 132 02/25/2009 SJ Web Edition
    Info: Processing started: Sun Dec 06 14:57:15 2020
Info: Command: quartus_map --read_settings_files=on --write_settings_files=off Verilog_Final -c Verilog_Final
Info: Found 1 design units, including 1 entities, in source file Verilog_Final.v
    Info: Found entity 1: Verilog_Final
Info: Elaborating entity "Verilog_Final" for the top level hierarchy
Warning (10230): Verilog HDL assignment warning at Verilog_Final.v(50): truncated value with size 32 to match size of target (5)
Warning (10230): Verilog HDL assignment warning at Verilog_Final.v(53): truncated value with size 32 to match size of target (5)
Warning (10230): Verilog HDL assignment warning at Verilog_Final.v(65): truncated value with size 32 to match size of target (5)
Warning (10230): Verilog HDL assignment warning at Verilog_Final.v(94): truncated value with size 32 to match size of target (16)
Warning (10230): Verilog HDL assignment warning at Verilog_Final.v(96): truncated value with size 32 to match size of target (16)
Warning (10230): Verilog HDL assignment warning at Verilog_Final.v(101): truncated value with size 32 to match size of target (10)
Warning (10235): Verilog HDL Always Construct warning at Verilog_Final.v(125): variable "screen_state" is read inside the Always Construct but isn't in the Always Construct's Event Control
Warning (10270): Verilog HDL Case Statement warning at Verilog_Final.v(127): incomplete case statement has no default case item
Info (10264): Verilog HDL Case Statement information at Verilog_Final.v(127): all case item expressions in this case statement are onehot
Warning (10235): Verilog HDL Always Construct warning at Verilog_Final.v(200): variable "human_col" is read inside the Always Construct but isn't in the Always Construct's Event Control
Warning (10235): Verilog HDL Always Construct warning at Verilog_Final.v(201): variable "human_col" is read inside the Always Construct but isn't in the Always Construct's Event Control
Warning (10235): Verilog HDL Always Construct warning at Verilog_Final.v(202): variable "human_col" is read inside the Always Construct but isn't in the Always Construct's Event Control
Warning (10235): Verilog HDL Always Construct warning at Verilog_Final.v(203): variable "human_col" is read inside the Always Construct but isn't in the Always Construct's Event Control
Warning (10235): Verilog HDL Always Construct warning at Verilog_Final.v(204): variable "human_col" is read inside the Always Construct but isn't in the Always Construct's Event Control
Warning (10235): Verilog HDL Always Construct warning at Verilog_Final.v(210): variable "human_col" is read inside the Always Construct but isn't in the Always Construct's Event Control
Warning (10235): Verilog HDL Always Construct warning at Verilog_Final.v(211): variable "human_col" is read inside the Always Construct but isn't in the Always Construct's Event Control
Warning (10235): Verilog HDL Always Construct warning at Verilog_Final.v(212): variable "human_col" is read inside the Always Construct but isn't in the Always Construct's Event Control
Warning (10235): Verilog HDL Always Construct warning at Verilog_Final.v(213): variable "human_col" is read inside the Always Construct but isn't in the Always Construct's Event Control
Warning (10235): Verilog HDL Always Construct warning at Verilog_Final.v(214): variable "human_col" is read inside the Always Construct but isn't in the Always Construct's Event Control
Warning (10235): Verilog HDL Always Construct warning at Verilog_Final.v(220): variable "human_col" is read inside the Always Construct but isn't in the Always Construct's Event Control
Warning (10235): Verilog HDL Always Construct warning at Verilog_Final.v(221): variable "human_col" is read inside the Always Construct but isn't in the Always Construct's Event Control
Warning (10235): Verilog HDL Always Construct warning at Verilog_Final.v(222): variable "human_col" is read inside the Always Construct but isn't in the Always Construct's Event Control
Warning (10235): Verilog HDL Always Construct warning at Verilog_Final.v(223): variable "human_col" is read inside the Always Construct but isn't in the Always Construct's Event Control
Warning (10235): Verilog HDL Always Construct warning at Verilog_Final.v(224): variable "human_col" is read inside the Always Construct but isn't in the Always Construct's Event Control
Warning (10235): Verilog HDL Always Construct warning at Verilog_Final.v(230): variable "human_col" is read inside the Always Construct but isn't in the Always Construct's Event Control
Warning (10235): Verilog HDL Always Construct warning at Verilog_Final.v(231): variable "human_col" is read inside the Always Construct but isn't in the Always Construct's Event Control
Warning (10235): Verilog HDL Always Construct warning at Verilog_Final.v(232): variable "human_col" is read inside the Always Construct but isn't in the Always Construct's Event Control
Warning (10235): Verilog HDL Always Construct warning at Verilog_Final.v(233): variable "human_col" is read inside the Always Construct but isn't in the Always Construct's Event Control
Warning (10235): Verilog HDL Always Construct warning at Verilog_Final.v(234): variable "human_col" is read inside the Always Construct but isn't in the Always Construct's Event Control
Warning (10235): Verilog HDL Always Construct warning at Verilog_Final.v(240): variable "human_col" is read inside the Always Construct but isn't in the Always Construct's Event Control
Warning (10235): Verilog HDL Always Construct warning at Verilog_Final.v(241): variable "human_col" is read inside the Always Construct but isn't in the Always Construct's Event Control
Warning (10235): Verilog HDL Always Construct warning at Verilog_Final.v(242): variable "human_col" is read inside the Always Construct but isn't in the Always Construct's Event Control
Warning (10235): Verilog HDL Always Construct warning at Verilog_Final.v(243): variable "human_col" is read inside the Always Construct but isn't in the Always Construct's Event Control
Warning (10235): Verilog HDL Always Construct warning at Verilog_Final.v(244): variable "human_col" is read inside the Always Construct but isn't in the Always Construct's Event Control
Warning (10235): Verilog HDL Always Construct warning at Verilog_Final.v(250): variable "human_col" is read inside the Always Construct but isn't in the Always Construct's Event Control
Warning (10235): Verilog HDL Always Construct warning at Verilog_Final.v(251): variable "human_col" is read inside the Always Construct but isn't in the Always Construct's Event Control
Warning (10235): Verilog HDL Always Construct warning at Verilog_Final.v(252): variable "human_col" is read inside the Always Construct but isn't in the Always Construct's Event Control
Warning (10235): Verilog HDL Always Construct warning at Verilog_Final.v(253): variable "human_col" is read inside the Always Construct but isn't in the Always Construct's Event Control
Warning (10235): Verilog HDL Always Construct warning at Verilog_Final.v(254): variable "human_col" is read inside the Always Construct but isn't in the Always Construct's Event Control
Info (10264): Verilog HDL Case Statement information at Verilog_Final.v(148): all case item expressions in this case statement are onehot
Warning (10270): Verilog HDL Case Statement warning at Verilog_Final.v(262): incomplete case statement has no default case item
Info (10264): Verilog HDL Case Statement information at Verilog_Final.v(262): all case item expressions in this case statement are onehot
Warning (10270): Verilog HDL Case Statement warning at Verilog_Final.v(284): incomplete case statement has no default case item
Info (10264): Verilog HDL Case Statement information at Verilog_Final.v(284): all case item expressions in this case statement are onehot
Warning (10270): Verilog HDL Case Statement warning at Verilog_Final.v(305): incomplete case statement has no default case item
Info (10264): Verilog HDL Case Statement information at Verilog_Final.v(305): all case item expressions in this case statement are onehot
Warning (10240): Verilog HDL Always Construct warning at Verilog_Final.v(122): inferring latch(es) for variable "screen_col", which holds its previous value in one or more paths through the always construct
Info (10041): Inferred latch for "screen_col[0]" at Verilog_Final.v(122)
Info (10041): Inferred latch for "screen_col[1]" at Verilog_Final.v(122)
Info (10041): Inferred latch for "screen_col[2]" at Verilog_Final.v(122)
Info (10041): Inferred latch for "screen_col[3]" at Verilog_Final.v(122)
Info (10041): Inferred latch for "screen_col[4]" at Verilog_Final.v(122)
Info (10041): Inferred latch for "screen_col[5]" at Verilog_Final.v(122)
Info (10041): Inferred latch for "screen_col[6]" at Verilog_Final.v(122)
Info (10041): Inferred latch for "screen_col[7]" at Verilog_Final.v(122)
Info (10041): Inferred latch for "screen_col[8]" at Verilog_Final.v(122)
Info (10041): Inferred latch for "screen_col[9]" at Verilog_Final.v(122)
Info (10041): Inferred latch for "screen_col[10]" at Verilog_Final.v(122)
Info (10041): Inferred latch for "screen_col[11]" at Verilog_Final.v(122)
Info (10041): Inferred latch for "screen_col[12]" at Verilog_Final.v(122)
Info (10041): Inferred latch for "screen_col[13]" at Verilog_Final.v(122)
Info (10041): Inferred latch for "screen_col[14]" at Verilog_Final.v(122)
Info (10041): Inferred latch for "screen_col[15]" at Verilog_Final.v(122)
Info (10041): Inferred latch for "screen_col[16]" at Verilog_Final.v(122)
Info (10041): Inferred latch for "screen_col[17]" at Verilog_Final.v(122)
Info (10041): Inferred latch for "screen_col[18]" at Verilog_Final.v(122)
Info (10041): Inferred latch for "screen_col[19]" at Verilog_Final.v(122)
Info (10041): Inferred latch for "screen_col[20]" at Verilog_Final.v(122)
Info (10041): Inferred latch for "screen_col[21]" at Verilog_Final.v(122)
Info (10041): Inferred latch for "screen_col[22]" at Verilog_Final.v(122)
Info (10041): Inferred latch for "screen_col[23]" at Verilog_Final.v(122)
Info (10041): Inferred latch for "screen_col[24]" at Verilog_Final.v(122)
Info (10041): Inferred latch for "screen_col[25]" at Verilog_Final.v(122)
Info (10041): Inferred latch for "screen_col[26]" at Verilog_Final.v(122)
Info (10041): Inferred latch for "screen_col[27]" at Verilog_Final.v(122)
Info (10041): Inferred latch for "screen_col[28]" at Verilog_Final.v(122)
Info (10041): Inferred latch for "screen_col[29]" at Verilog_Final.v(122)
Info (10041): Inferred latch for "screen_col[30]" at Verilog_Final.v(122)
Info (10041): Inferred latch for "screen_col[31]" at Verilog_Final.v(122)
Warning: Using design file LFSR_5bit.v, which is not specified as a design file for the current project, but contains definitions for 1 design units and 1 entities in project
    Info: Found entity 1: LFSR_5bit
Info: Elaborating entity "LFSR_5bit" for hierarchy "LFSR_5bit:M1"
Warning: Using design file drop_random.v, which is not specified as a design file for the current project, but contains definitions for 1 design units and 1 entities in project
    Info: Found entity 1: drop_random
Info: Elaborating entity "drop_random" for hierarchy "drop_random:M2"
Warning: Latch screen_col[0]$latch has unsafe behavior
    Warning: Ports D and ENA on the latch are fed by the same signal screen_state.0000
Warning: Latch screen_col[1]$latch has unsafe behavior
    Warning: Ports D and ENA on the latch are fed by the same signal screen_state.0000
Warning: Latch screen_col[2]$latch has unsafe behavior
    Warning: Ports D and ENA on the latch are fed by the same signal screen_state.0000
Warning: Latch screen_col[3]$latch has unsafe behavior
    Warning: Ports D and ENA on the latch are fed by the same signal screen_state.0000
Warning: Latch screen_col[4]$latch has unsafe behavior
    Warning: Ports D and ENA on the latch are fed by the same signal screen_state.0000
Warning: Latch screen_col[5]$latch has unsafe behavior
    Warning: Ports D and ENA on the latch are fed by the same signal screen_row[0]~reg0
Warning: Latch screen_col[6]$latch has unsafe behavior
    Warning: Ports D and ENA on the latch are fed by the same signal screen_row[0]~reg0
Warning: Latch screen_col[7]$latch has unsafe behavior
    Warning: Ports D and ENA on the latch are fed by the same signal screen_row[0]~reg0
Warning: Latch screen_col[8]$latch has unsafe behavior
    Warning: Ports D and ENA on the latch are fed by the same signal screen_row[0]~reg0
Warning: Latch screen_col[9]$latch has unsafe behavior
    Warning: Ports D and ENA on the latch are fed by the same signal screen_row[0]~reg0
Warning: Latch screen_col[10]$latch has unsafe behavior
    Warning: Ports D and ENA on the latch are fed by the same signal screen_row[0]~reg0
Warning: Latch screen_col[11]$latch has unsafe behavior
    Warning: Ports D and ENA on the latch are fed by the same signal screen_row[0]~reg0
Warning: Latch screen_col[12]$latch has unsafe behavior
    Warning: Ports D and ENA on the latch are fed by the same signal screen_row[0]~reg0
Warning: Latch screen_col[13]$latch has unsafe behavior
    Warning: Ports D and ENA on the latch are fed by the same signal screen_row[0]~reg0
Warning: Latch screen_col[14]$latch has unsafe behavior
    Warning: Ports D and ENA on the latch are fed by the same signal screen_state.0000
Warning: Latch screen_col[15]$latch has unsafe behavior
    Warning: Ports D and ENA on the latch are fed by the same signal screen_state.0000
Warning: Latch screen_col[16]$latch has unsafe behavior
    Warning: Ports D and ENA on the latch are fed by the same signal screen_state.0000
Warning: Latch screen_col[17]$latch has unsafe behavior
    Warning: Ports D and ENA on the latch are fed by the same signal screen_state.0000
Warning: Latch screen_col[18]$latch has unsafe behavior
    Warning: Ports D and ENA on the latch are fed by the same signal screen_state.0000
Warning: Latch screen_col[19]$latch has unsafe behavior
    Warning: Ports D and ENA on the latch are fed by the same signal screen_state.0000
Warning: Latch screen_col[20]$latch has unsafe behavior
    Warning: Ports D and ENA on the latch are fed by the same signal screen_state.0000
Warning: Latch screen_col[21]$latch has unsafe behavior
    Warning: Ports D and ENA on the latch are fed by the same signal screen_state.0000
Warning: Latch screen_col[22]$latch has unsafe behavior
    Warning: Ports D and ENA on the latch are fed by the same signal screen_row[0]~reg0
Warning: Latch screen_col[23]$latch has unsafe behavior
    Warning: Ports D and ENA on the latch are fed by the same signal screen_row[0]~reg0
Warning: Latch screen_col[24]$latch has unsafe behavior
    Warning: Ports D and ENA on the latch are fed by the same signal screen_row[0]~reg0
Warning: Latch screen_col[25]$latch has unsafe behavior
    Warning: Ports D and ENA on the latch are fed by the same signal screen_row[0]~reg0
Warning: Latch screen_col[26]$latch has unsafe behavior
    Warning: Ports D and ENA on the latch are fed by the same signal screen_row[0]~reg0
Warning: Latch screen_col[27]$latch has unsafe behavior
    Warning: Ports D and ENA on the latch are fed by the same signal screen_row[0]~reg0
Warning: Latch screen_col[28]$latch has unsafe behavior
    Warning: Ports D and ENA on the latch are fed by the same signal screen_row[0]~reg0
Warning: Latch screen_col[29]$latch has unsafe behavior
    Warning: Ports D and ENA on the latch are fed by the same signal screen_row[0]~reg0
Warning: Latch screen_col[30]$latch has unsafe behavior
    Warning: Ports D and ENA on the latch are fed by the same signal WideNor0
Warning: Latch screen_col[31]$latch has unsafe behavior
    Warning: Ports D and ENA on the latch are fed by the same signal screen_state.0000
Warning: Output pins are stuck at VCC or GND
    Warning (13410): Pin "out_state[2]" is stuck at GND
    Warning (13410): Pin "out_state[3]" is stuck at GND
Info: 11 registers lost all their fanouts during netlist optimizations. The first 11 are displayed below.
    Info: Register "drop_random:M2|D123456789[8]" lost all its fanouts during netlist optimizations.
    Info: Register "drop_random:M2|D123456789[7]" lost all its fanouts during netlist optimizations.
    Info: Register "drop_random:M2|D123456789[6]" lost all its fanouts during netlist optimizations.
    Info: Register "drop_random:M2|D123456789[5]" lost all its fanouts during netlist optimizations.
    Info: Register "drop_random:M2|D123456789[4]" lost all its fanouts during netlist optimizations.
    Info: Register "drop_random:M2|D123456789[2]" lost all its fanouts during netlist optimizations.
    Info: Register "drop_random:M2|D123456789[0]" lost all its fanouts during netlist optimizations.
    Info: Register "screen_state~405" lost all its fanouts during netlist optimizations.
    Info: Register "screen_state~406" lost all its fanouts during netlist optimizations.
    Info: Register "screen_state~407" lost all its fanouts during netlist optimizations.
    Info: Register "screen_state~408" lost all its fanouts during netlist optimizations.
Info: Generated suppressed messages file C:/Users/sam/Documents/Verilog/Verilog_Fianl_Project/Verilog_Final.map.smsg
Info: Implemented 2419 device resources after synthesis - the final resource count might be different
    Info: Implemented 4 input pins
    Info: Implemented 52 output pins
    Info: Implemented 2363 logic cells
Info: Quartus II Analysis & Synthesis was successful. 0 errors, 111 warnings
    Info: Peak virtual memory: 271 megabytes
    Info: Processing ended: Sun Dec 06 14:59:10 2020
    Info: Elapsed time: 00:01:55
    Info: Total CPU time (on all processors): 00:01:52


+------------------------------------------+
; Analysis & Synthesis Suppressed Messages ;
+------------------------------------------+
The suppressed messages can be found in C:/Users/sam/Documents/Verilog/Verilog_Fianl_Project/Verilog_Final.map.smsg.


